autoscan: warning: missing AC_CHECK_FUNCS([alarm]) wanted by: 
	debug/backlog.c:61
	debug/backlog.c:70
	debug/qlen.c:71
	debug/qlen.c:80
	advio/dgclitimeo3.c:17
	advio/dgclitimeo3.c:24
	lib/connect_timeo.c:13
	lib/connect_timeo.c:21
	rtt/dg_send_recv.c:63
	rtt/dg_send_recv.c:88
	udpcksum/udpcksum.c:37
	udpcksum/udpcksum.c:40
	ping/sig_alrm.c:8
	mcast/dgclibcast1.c:21
	mcast/dgclimcast5.c:23
	mcast/dgclimcast6.c:23
	bcast/dgclibcast1.c:24
	bcast/dgclibcast6.c:30
	bcast/dgclibcast3.c:28
	bcast/dgclibcast5.c:26
	bcast/dgclibcast2.c:24
	bcast/dgclibcast4.c:32
	traceroute/recv_v4.c:23
	traceroute/recv_v4.c:88
	traceroute/recv_v6.c:24
	traceroute/recv_v6.c:78
	oob/heartbeatcli.c:23
	oob/heartbeatcli.c:48
	oob/strcliselect02.c:39
	oob/heartbeatserv.c:22
	oob/heartbeatserv.c:48
autoscan: warning: missing AC_CHECK_FUNCS([atexit]) wanted by: 
	sock/loop.c:46
autoscan: warning: missing AC_CHECK_FUNCS([dup2]) wanted by: 
	lib/wrapunix.c:41
autoscan: warning: missing AC_CHECK_FUNCS([gethostbyaddr]) wanted by: 
	names/test1.c:37
	names/hostent2.c:32
	ping/bsdping.c:940
	libfree/getnameinfo.c:96
	libgai/gn_ipv46.c:21
autoscan: warning: missing AC_CHECK_FUNCS([gethostbyname]) wanted by: 
	lib/my_addrs.c:14
	names/daytimetcpcli1.c:18
	names/myaddrs1.c:13
	names/daytimetcpcli2.c:23
	names/hostent3.c:13
	names/test1.c:15
	names/hostent.c:12
	names/hostent2.c:12
	names/daytimetcpcli3.c:19
	ping/bsdping.c:255
	libfree/getaddrinfo.c:518
	sock/sourceroute.c:61
	sock/cliopen.c:43
	libgai/getaddrinfo.c:106
	libgai/old/savecopy.c:114
autoscan: warning: missing AC_CHECK_FUNCS([gettimeofday]) wanted by: 
	lib/gf_time.c:12
	lib/wrapunix.c:58
	ping/bsdping.c:422
	ping/bsdping.c:466
	threads/test03.c:29
autoscan: warning: missing AC_CHECK_FUNCS([inet_ntoa]) wanted by: 
	ping/bsdping.c:316
	ping/bsdping.c:474
	ping/bsdping.c:517
	ping/bsdping.c:919
	ping/bsdping.c:920
	ping/bsdping.c:941
	ping/bsdping.c:944
	udpcliserv/dgcliinetaddr.c:20
	sock/sourceroute.c:60
	sock/sourceroute.c:65
	sock/sourceroute.c:89
	test/test1.c:83
autoscan: warning: missing AC_CHECK_FUNCS([memmove]) wanted by: 
	names/daytimetcpcli2.c:38
	ping/bsdping.c:259
	ping/bsdping.c:600
autoscan: warning: missing AC_CHECK_FUNCS([memset]) wanted by: 
	ping/send_v6.c:15
	ping/send_v4.c:14
	ping/bsdping.c:248
	libfree/inet_ntop.c:132
	libfree/inet_pton.c:152
	libgai/testga.c:34
	libgai/testga.c:217
autoscan: warning: missing AC_CHECK_FUNCS([select]) wanted by: 
	debug/test02.c:16
	lib/writable_timeo.c:16
	lib/wrapsock.c:229
	lib/pselect.c:26
	lib/readable_timeo.c:16
	ping/bsdping.c:343
	udpcliserv/udpservselect01.c:49
	sock/sleepus.c:15
	sock/looptcp.c:34
	sock/loopudp.c:53
	sock/loop.c:74
	bcast/dgclibcast6.c:34
	oob/strcliselect02.c:18
autoscan: warning: missing AC_CHECK_FUNCS([socket]) wanted by: 
	debug/test04.c:19
	ioctl/lsif02.c:18
	lib/udp_connect.c:20
	lib/udp_client.c:20
	lib/wrapsock.c:293
	lib/tcp_connect.c:20
	lib/udp_server.c:21
	lib/tcp_listen.c:22
	sockopt/prdefaults.c:11
	sockopt/prdefaults.c:27
	names/udp_server_reuseaddr.c:22
	ping/bsdping.c:280
	nonblock/daytimetcpcli.c:10
	sock/servopen.c:46
	sock/cliopen.c:48
	libgai/testga.c:275
	test/test2.c:43
	intro/daytimetcpcli1.c:13
	intro/daytimetcpcli2.c:13
	intro/daytimetcpcliv6.c:13
	intro/daytimetcpcli3.c:14
	intro/daytimetcpcli.c:13
autoscan: warning: missing AC_CHECK_FUNCS([strchr]) wanted by: 
	lib/get_ifi_info.c:76
	libfree/inet_pton.c:101
	libfree/inet_pton.c:165
	libfree/inet_pton.c:166
	libgai/getaddrinfo.c:72
	libgai/gn_ipv46.c:24
autoscan: warning: missing AC_CHECK_FUNCS([strdup]) wanted by: 
	lib/wrapunix.c:206
	libfree/getaddrinfo.c:408
	libfree/getaddrinfo.c:416
	libgai/getaddrinfo.c:128
	libgai/getaddrinfo.c:150
	libgai/ga_unix.c:34
	libgai/old/savecopy.c:145
autoscan: warning: missing AC_CHECK_FUNCS([strerror]) wanted by: 
	key/printsadbmsg.c:260
	lib/error.c:98
	icmpd/dgcli01.c:57
	sock/error.c:97
	sock/strerror.c:7
autoscan: warning: missing AC_CHECK_FUNCS([strrchr]) wanted by: 
	udpcksum/main.c:41
	sock/main.c:99
	sock/main.c:130
autoscan: warning: missing AC_CHECK_FUNCS([strtol]) wanted by: 
	sctp/sctp_strcli1.c:19
	sctp/sctp_strcli_un.c:19
	sctp/sctp_strcli.c:19
	ping/bsdping.c:182
	ping/bsdping.c:199
	ping/bsdping.c:206
	ping/bsdping.c:227
autoscan: warning: missing AC_CHECK_FUNCS([strtoul]) wanted by: 
	key/add.c:155
autoscan: warning: missing AC_CHECK_FUNCS([uname]) wanted by: 
	lib/my_addrs.c:11
	mcast/send.c:12
	libgai/ga_unix.c:32
autoscan: warning: missing AC_CHECK_HEADERS([limits.h]) wanted by: 
	tcpcliserv/tcpservpoll01.c:3
autoscan: warning: missing AC_CHECK_HEADERS([stddef.h]) wanted by: 
	sock/sleepus.c:4
autoscan: warning: missing AC_CHECK_HEADERS([syslog.h]) wanted by: 
	lib/daemon_inetd.c:2
	lib/error.c:4
	lib/daemon_init.c:2
autoscan: warning: missing AC_FUNC_ERROR_AT_LINE wanted by: 
	libfree/getaddrinfo.c:178
	libfree/getaddrinfo.c:195
	libfree/getaddrinfo.c:204
	libfree/getaddrinfo.c:212
	libfree/getaddrinfo.c:216
	libfree/getaddrinfo.c:222
	libfree/getaddrinfo.c:239
	libfree/getaddrinfo.c:242
	libfree/getaddrinfo.c:326
	libfree/getaddrinfo.c:342
	libfree/getaddrinfo.c:354
	libfree/getaddrinfo.c:373
	libfree/getaddrinfo.c:387
	libfree/getaddrinfo.c:409
	libfree/getaddrinfo.c:417
	libfree/getaddrinfo.c:427
	libgai/getaddrinfo.c:35
	libgai/getaddrinfo.c:58
	libgai/getaddrinfo.c:63
	libgai/getaddrinfo.c:78
	libgai/getaddrinfo.c:83
	libgai/getaddrinfo.c:113
	libgai/getaddrinfo.c:114
	libgai/getaddrinfo.c:115
	libgai/getaddrinfo.c:116
	libgai/getaddrinfo.c:117
	libgai/getaddrinfo.c:123
	libgai/getaddrinfo.c:129
	libgai/getaddrinfo.c:136
	libgai/getaddrinfo.c:140
	libgai/getaddrinfo.c:151
	libgai/getaddrinfo.c:158
	libgai/old/savecopy.c:53
	libgai/old/savecopy.c:82
	libgai/old/savecopy.c:96
	libgai/old/savecopy.c:118
	libgai/old/savecopy.c:119
	libgai/old/savecopy.c:120
	libgai/old/savecopy.c:121
	libgai/old/savecopy.c:122
	libgai/old/savecopy.c:128
	libgai/old/savecopy.c:133
	libgai/old/savecopy.c:138
	libgai/old/savecopy.c:148
	libgai/old/savecopy.c:154
autoscan: warning: missing AC_FUNC_FORK wanted by: 
	lib/wrapunix.c:78
	sctp/sctpserv_fork.c:51
	sock/servopen.c:110
autoscan: warning: missing AC_FUNC_MALLOC wanted by: 
	key/add.c:163
	lib/wrapunix.c:88
	ping/bsdping.c:270
	libfree/getaddrinfo.c:706
	libfree/getaddrinfo.c:739
	libroute/net_rt_iflist.c:19
	libroute/if_nameindex.c:19
	libroute/net_rt_dump.c:19
	sock/buffers.c:21
	sock/buffers.c:26
	sock/loopudp.c:114
	sock/loop.c:121
	libgai/ga_clone.c:25
	libgai/old/ga_unixstruct.c:21
	libgai/old/savecopy.c:520
	libgai/old/savecopy.c:552
autoscan: warning: missing AC_FUNC_MMAP wanted by: 
	lib/wrapunix.c:117
autoscan: warning: missing AC_FUNC_REALLOC wanted by: 
	sctp/sctp_pdapircv.c:32
autoscan: warning: missing AC_HEADER_RESOLV wanted by: 
	libfree/getaddrinfo.c:33
	libgai/getaddrinfo.c:4
	libgai/old/savecopy.c:4
autoscan: warning: missing AC_PREREQ wanted by: 
	autoscan
autoscan: warning: missing AC_PROG_MAKE_SET wanted by: 
	Makefile.in:4
autoscan: warning: missing AC_TYPE_INT64_T wanted by: 
	lib/unp.h:233
autoscan: warning: missing AC_TYPE_MODE_T wanted by: 
	key/unp.h:408
	lib/wrapunix.c:123
	lib/unp.h:446
	sctp/unp.h:412
autoscan: warning: missing AC_TYPE_OFF_T wanted by: 
	key/unp.h:407
	lib/wrapunix.c:113
	lib/unp.h:445
	sctp/unp.h:411
	sock/ourhdr.h:82
	sock/ourhdr.h:82
	sock/ourhdr.h:95
	sock/ourhdr.h:95
autoscan: warning: missing AC_TYPE_PID_T wanted by: 
	debug/backlog.c:9
	debug/qlen.c:9
	key/unp.h:404
	key/unp.h:422
	key/unp.h:423
	key/unp.h:423
	advio/udpserv03.c:11
	advio/udpserv04.c:10
	advio/sig_chld_waitpid.c:6
	advio/tcpserv02.c:7
	lib/wrapunix.c:73
	lib/wrapunix.c:76
	lib/wrapunix.c:239
	lib/wrapunix.c:242
	lib/wrapunix.c:249
	lib/wrapunix.c:250
	lib/wrapunix.c:252
	lib/unp.h:442
	lib/unp.h:460
	lib/unp.h:461
	lib/unp.h:461
	lib/daemon_init.c:12
	sctp/unp.h:408
	sctp/unp.h:426
	sctp/unp.h:427
	sctp/unp.h:427
	ping/ping.h:14
	nonblock/strclifork.c:6
	udpcliserv/udpservselect01.c:9
	udpcliserv/sigchldwaitpid.c:6
	sock/tellwait.c:34
	sock/tellwait.c:52
	sock/sock.h:104
	sock/sock.h:106
	sock/ourhdr.h:78
	sock/ourhdr.h:95
	sock/ourhdr.h:116
	sock/ourhdr.h:117
	server/child03m.c:3
	server/child03m.c:6
	server/serv02.c:5
	server/serv02.c:13
	server/serv02.c:22
	server/child02.c:4
	server/child02.c:7
	server/serv02m.c:4
	server/serv02m.c:13
	server/serv02m.c:22
	server/child02m.c:3
	server/child02m.c:6
	server/child02l.c:3
	server/child02l.c:6
	server/client.c:9
	server/child05.c:5
	server/child05.c:9
	server/child03.c:3
	server/child03.c:6
	server/serv03.c:4
	server/serv03.c:12
	server/serv03.c:21
	server/serv03m.c:4
	server/serv03m.c:13
	server/serv03m.c:22
	server/child04.c:3
	server/child04.c:6
	server/sig_chld_waitpid.c:6
	server/child.h:2
	server/clientrst.c:9
	server/serv01.c:8
	server/serv05.c:12
	server/serv04.c:4
	server/serv04.c:12
	server/serv04.c:21
	ipopts/tcpserv01.c:8
	ipopts/sigchldwaitpid.c:6
	unixdomain/unixstrserv02.c:7
	unixdomain/sigchldwaitpid.c:6
	unixdomain/unixstrserv01.c:7
	unixdomain/myopen.c:7
	traceroute/trace.h:23
	tcpcliserv/tcpserv04.c:7
	tcpcliserv/tcpserv09.c:7
	tcpcliserv/tcpserv03.c:7
	tcpcliserv/sigchldwait.c:6
	tcpcliserv/tcpserv01.c:7
	tcpcliserv/sigchldwaitpid.c:6
	tcpcliserv/tcpserv08.c:7
	tcpcliserv/tcpserv02.c:7
	oob/sigchldwaitpid.c:6
	oob/tcpserv02.c:7
	route/getrt.c:13
autoscan: warning: missing AC_TYPE_SIZE_T wanted by: 
	key/unp.h:249
	key/unp.h:250
	key/unp.h:251
	key/unp.h:252
	key/unp.h:274
	key/unp.h:275
	key/unp.h:325
	key/unp.h:325
	key/unp.h:345
	key/unp.h:366
	key/unp.h:373
	key/unp.h:379
	key/unp.h:381
	key/unp.h:394
	key/unp.h:398
	key/unp.h:398
	key/unp.h:405
	key/unp.h:407
	key/unp.h:410
	key/unp.h:420
	key/unp.h:420
	key/unp.h:424
	key/unp.h:445
	key/unp.h:446
	key/unp.h:447
	key/unp.h:448
	key/unp.h:451
	key/unp.h:452
	key/unp.h:459
	advio/recvfromflags.c:6
	advio/recvfromflags.c:86
	advio/old/recvfromflags.c:4
	advio/old/recvfromflags.c:67
	lib/wraplib.c:9
	lib/addrinfo.h:15
	lib/read_fd.c:5
	lib/read_fd.c:62
	lib/snprintf.c:15
	lib/wrapunix.c:22
	lib/wrapunix.c:22
	lib/wrapunix.c:84
	lib/wrapunix.c:113
	lib/wrapunix.c:140
	lib/wrapunix.c:224
	lib/wrapunix.c:225
	lib/wrapunix.c:260
	lib/readline.c:29
	lib/readline.c:61
	lib/writen.c:5
	lib/writen.c:7
	lib/writen.c:29
	lib/wrapsock.c:193
	lib/wrapsock.c:203
	lib/wrapsock.c:235
	lib/wrapsock.c:242
	lib/unp.h:291
	lib/unp.h:292
	lib/unp.h:293
	lib/unp.h:294
	lib/unp.h:316
	lib/unp.h:317
	lib/unp.h:367
	lib/unp.h:367
	lib/unp.h:387
	lib/unp.h:404
	lib/unp.h:411
	lib/unp.h:417
	lib/unp.h:419
	lib/unp.h:432
	lib/unp.h:436
	lib/unp.h:436
	lib/unp.h:443
	lib/unp.h:445
	lib/unp.h:448
	lib/unp.h:458
	lib/unp.h:458
	lib/unp.h:462
	lib/unp.h:495
	lib/unp.h:496
	lib/unp.h:497
	lib/unp.h:498
	lib/unp.h:501
	lib/unp.h:502
	lib/unp.h:509
	lib/write_fd.c:5
	lib/write_fd.c:43
	lib/readn.c:5
	lib/readn.c:7
	lib/readn.c:30
	sctp/sctpserv_fork.c:13
	sctp/sctpserv04.c:14
	sctp/sctpserv05.c:13
	sctp/sctp_wrapper.c:5
	sctp/sctp_wrapper.c:20
	sctp/sctpserv07.c:12
	sctp/sctpserv03.c:13
	sctp/sctpserv01.c:13
	sctp/sctpserv06.c:13
	sctp/unp.h:248
	sctp/unp.h:249
	sctp/unp.h:250
	sctp/unp.h:251
	sctp/unp.h:297
	sctp/unp.h:298
	sctp/unp.h:330
	sctp/unp.h:330
	sctp/unp.h:350
	sctp/unp.h:371
	sctp/unp.h:377
	sctp/unp.h:383
	sctp/unp.h:385
	sctp/unp.h:398
	sctp/unp.h:402
	sctp/unp.h:402
	sctp/unp.h:409
	sctp/unp.h:411
	sctp/unp.h:414
	sctp/unp.h:424
	sctp/unp.h:424
	sctp/unp.h:428
	sctp/unp.h:449
	sctp/unp.h:450
	sctp/unp.h:451
	sctp/unp.h:452
	sctp/unp.h:455
	sctp/unp.h:456
	sctp/unp.h:463
	sctp/sctpserv02.c:13
	rtt/dg_send_recv.c:19
	rtt/dg_send_recv.c:20
	rtt/dg_send_recv.c:103
	rtt/dg_send_recv.c:104
	rtt/dg_cli.c:3
	rtt/dg_cli.c:3
	sigio/dgecho01.c:11
	udpcksum/senddnsquery-raw.c:12
	libfree/inet_ntop_ipv4.c:12
	libfree/addrinfo.h:15
	libfree/inet_ntop.c:44
	libfree/inet_ntop.c:45
	libfree/inet_ntop.c:60
	libfree/inet_ntop.c:89
	libfree/inet_ntop.c:113
	libfree/getnameinfo.c:45
	libfree/getnameinfo.c:45
	libfree/getnameinfo.c:46
	libfree/getnameinfo.c:49
	libfree/getnameinfo.c:50
	libfree/getnameinfo.c:50
	libfree/getnameinfo.c:84
	libfree/getnameinfo.c:84
	libfree/getnameinfo.c:85
	libroute/net_rt_iflist.c:5
	libroute/net_rt_iflist.c:31
	libroute/if_nametoindex.c:10
	libroute/if_indextoname.c:9
	libroute/if_nameindex.c:9
	libroute/net_rt_dump.c:5
	libroute/net_rt_dump.c:29
	libroute/unproute.h:13
	libroute/unproute.h:14
	libroute/unproute.h:18
	libroute/unproute.h:19
	sock/sock.h:101
	sock/ourhdr.h:60
	sock/ourhdr.h:61
	sock/ourhdr.h:65
	sock/writen.c:4
	sock/writen.c:6
	sock/write.c:18
	libgai/addrinfo.h:15
	libgai/getnameinfo.c:6
	libgai/getnameinfo.c:7
	libgai/gn_ipv46.c:9
	libgai/gn_ipv46.c:9
	libgai/gn_ipv46.c:10
	libgai/gai_hdr.h:22
	libgai/gai_hdr.h:22
	libgai/gai_hdr.h:22
	threads/readline.c:47
	threads/readline.c:49
	threads/readline.c:78
	test/readline.h:4
	test/readline.h:11
	test/readline3.c:28
	test/readline3.c:63
	test/readline2.c:25
	test/readline2.c:49
	test/readline1.c:6
	test/readline1.c:34
	server/readline_r.h:4
	server/readline_r.h:11
	server/readline.c:5
	server/readline.c:31
	server/readline_r.c:28
	unixdomain/strecho.c:3
	unixdomain/tfcred01.c:5
	unixdomain/tfcred01.c:50
	unixdomain/readcred.c:6
	streams/tpi_read.c:4
	streams/tpi_daytime.h:5
	streams/tpi_daytime.h:6
	streams/tpi_daytime.h:7
	streams/tpi_bind.c:4
	streams/tpi_connect.c:4
	route/checkudpsum.c:10
	route/mynetstat.c:35
	route/mynetstat.c:62
	route/get_ifi_info.c:10
	route/unproute.h:13
	route/unproute.h:14
	route/unproute.h:18
	route/unproute.h:19
autoscan: warning: missing AC_TYPE_SSIZE_T wanted by: 
	key/unp.h:249
	key/unp.h:250
	key/unp.h:251
	key/unp.h:252
	key/unp.h:274
	key/unp.h:275
	key/unp.h:379
	key/unp.h:381
	key/unp.h:394
	key/unp.h:410
	key/unp.h:445
	key/unp.h:446
	key/unp.h:447
	key/unp.h:448
	key/unp.h:449
	advio/dgechoaddr.c:12
	advio/recvfromflags.c:5
	advio/recvfromflags.c:11
	advio/recvfromflags.c:85
	advio/recvfromflags.c:89
	advio/old/dgechoaddr.c:12
	advio/old/recvfromflags.c:3
	advio/old/recvfromflags.c:9
	advio/old/recvfromflags.c:66
	advio/old/recvfromflags.c:70
	advio/old/test01.c:7
	lib/read_fd.c:4
	lib/read_fd.c:9
	lib/read_fd.c:61
	lib/read_fd.c:64
	lib/wrapunix.c:139
	lib/wrapunix.c:142
	lib/readline.c:8
	lib/readline.c:28
	lib/readline.c:31
	lib/readline.c:51
	lib/readline.c:60
	lib/readline.c:63
	lib/writen.c:4
	lib/writen.c:8
	lib/wrapsock.c:192
	lib/wrapsock.c:195
	lib/wrapsock.c:202
	lib/wrapsock.c:206
	lib/wrapsock.c:213
	lib/wrapsock.c:216
	lib/wrapsock.c:237
	lib/wrapsock.c:245
	lib/wrapsock.c:253
	lib/str_echo.c:6
	lib/unp.h:291
	lib/unp.h:292
	lib/unp.h:293
	lib/unp.h:294
	lib/unp.h:316
	lib/unp.h:317
	lib/unp.h:417
	lib/unp.h:419
	lib/unp.h:432
	lib/unp.h:448
	lib/unp.h:495
	lib/unp.h:496
	lib/unp.h:497
	lib/unp.h:498
	lib/unp.h:499
	lib/write_fd.c:4
	lib/write_fd.c:42
	lib/write_fd.c:45
	lib/readn.c:4
	lib/readn.c:8
	lib/readn.c:29
	lib/readn.c:32
	ssntp/sntp_proc.c:4
	ssntp/sntp_proc.c:12
	ssntp/main.c:8
	ssntp/sntp.h:4
	sctp/unp.h:248
	sctp/unp.h:249
	sctp/unp.h:250
	sctp/unp.h:251
	sctp/unp.h:297
	sctp/unp.h:298
	sctp/unp.h:383
	sctp/unp.h:385
	sctp/unp.h:398
	sctp/unp.h:414
	sctp/unp.h:449
	sctp/unp.h:450
	sctp/unp.h:451
	sctp/unp.h:452
	sctp/unp.h:453
	mysdr/loop.c:7
	rtt/dg_send_recv.c:18
	rtt/dg_send_recv.c:23
	rtt/dg_send_recv.c:102
	rtt/dg_send_recv.c:107
	rtt/dg_cli.c:3
	rtt/dg_cli.c:9
	names/daytimeudpsrv3.c:8
	names/daytimeudpsrv2.c:8
	icmpd/readable_conn.c:9
	icmpd/dgcli01.c:10
	icmpd/readable_v6.c:20
	icmpd/readable_v4.c:14
	sigio/dgecho01.c:81
	ping/ping.h:20
	ping/ping.h:21
	ping/ping.h:29
	ping/proc_v6.c:4
	ping/proc_v4.c:4
	ping/readloop.c:11
	ping/ping_v4.c:9
	nonblock/tcpservselect03.c:8
	nonblock/strclinonb.c:8
	udpcliserv/udpservselect01.c:11
	udpcliserv/dgclibig.c:11
	sock/sock.h:101
	sock/ourhdr.h:13
	sock/ourhdr.h:60
	sock/ourhdr.h:61
	sock/writen.c:3
	sock/write.c:17
	threads/readline.c:27
	threads/readline.c:46
	threads/readline.c:77
	threads/readline.c:80
	test/readline.h:12
	test/readline3.c:5
	test/readline3.c:38
	test/readline3.c:62
	test/readline3.c:65
	test/tshutdown.c:10
	test/treadline3.c:8
	test/treadline1.c:7
	test/readline2.c:4
	test/readline2.c:24
	test/readline2.c:48
	test/readline2.c:51
	test/treadline2.c:7
	test/readline1.c:5
	test/readline1.c:8
	test/readline1.c:33
	test/readline1.c:36
	server/readline_r.h:12
	server/readline_r.h:13
	server/web_child_r.c:10
	server/readline.c:4
	server/readline.c:7
	server/readline.c:30
	server/readline.c:33
	server/client.c:10
	server/readline_r.c:5
	server/readline_r.c:38
	server/readline_r.c:64
	server/readline_r.c:67
	server/web_child.c:9
	server/child05.c:36
	server/clientrst.c:10
	server/serv05.c:13
	unixdomain/strecho.c:3
	unixdomain/strecho.c:8
	unixdomain/tfcred01.c:5
	unixdomain/tfcred01.c:49
	unixdomain/readcred.c:5
	traceroute/recv_v4.c:17
	traceroute/recv_v6.c:17
	streams/tpi_read.c:3
	streams/tpi_daytime.h:7
	tcpcliserv/str_echo08.c:7
	tcpcliserv/tcpservselect01.c:9
	tcpcliserv/str_echo09.c:7
	tcpcliserv/tcpservpoll01.c:10
	oob/strecho02.c:6
	route/getrt.c:14
autoscan: warning: missing AC_TYPE_UID_T wanted by: 
	sock/ourhdr.h:70
autoscan: warning: missing AC_TYPE_UINT16_T wanted by: 
	lib/unp.h:357
	lib/unp.h:357
	ssntp/ntp.h:9
	ssntp/ntp.h:10
	sctp/sctp_wrapper.c:22
	udpcksum/senddnsquery-raw.c:18
	udpcksum/senddnsquery-raw.c:20
	udpcksum/senddnsquery-raw.c:22
	udpcksum/senddnsquery-raw.c:24
	udpcksum/senddnsquery-raw.c:26
	udpcksum/senddnsquery-raw.c:28
	udpcksum/senddnsquery-raw.c:33
	udpcksum/senddnsquery-raw.c:35
	udpcksum/udpread.c:76
	udpcksum/udpwrite.c:39
	libfree/in_cksum.c:3
	libfree/in_cksum.c:4
	libfree/in_cksum.c:8
	libfree/in_cksum.c:9
autoscan: warning: missing AC_TYPE_UINT32_T wanted by: 
	lib/rtt.c:45
	lib/rtt.c:48
	lib/rtt.c:81
	lib/unprtt.h:12
	lib/unprtt.h:24
	lib/unprtt.h:26
	ssntp/sntp_proc.c:7
	ssntp/ntp.h:4
	ssntp/ntp.h:5
	ssntp/ntp.h:20
	sctp/sctp_displayevents.c:41
	sctp/sctp_displayevents.c:67
	sctp/sctp_displayevents.c:72
	sctp/sctp_displayevents.c:77
	sctp/sctp_displayevents.c:95
	sctp/sctp_wrapper.c:21
	sctp/sctp_wrapper.c:21
	sctp/sctp_wrapper.c:22
	sctp/sctp_wrapper.c:22
	mysdr/loop.c:11
	mysdr/loop.c:12
	rtt/dg_send_recv.c:11
	rtt/dg_send_recv.c:12
	rtt/unprtt.h:12
	rtt/unprtt.h:24
	rtt/unprtt.h:26
	udpcksum/pcap.c:9
	libfree/in_cksum.c:7
autoscan: warning: missing AC_TYPE_UINT8_T wanted by: 
	sctp/sctpserv05.c:6
	sctp/sctp_pdapircv.c:3
	sctp/sctp_pdapircv.c:7
	sctp/sctp_pdapircv.c:19
	sctp/unp.h:269
