This file contains any messages produced by compilers while
running configure, to aid debugging if configure makes a mistake.

It was created by configure, which was
generated by GNU Autoconf 2.69.  Invocation command line was

  $ ./configure 

## --------- ##
## Platform. ##
## --------- ##

hostname = MaxPC
uname -m = x86_64
uname -r = 3.13.0-139-generic
uname -s = Linux
uname -v = #188-Ubuntu SMP Tue Jan 9 14:43:09 UTC 2018

/usr/bin/uname -p = unknown
/bin/uname -X     = unknown

/bin/arch              = unknown
/usr/bin/arch -k       = unknown
/usr/convex/getsysinfo = unknown
/usr/bin/hostinfo      = unknown
/bin/machine           = unknown
/usr/bin/oslevel       = unknown
/bin/universe          = unknown

PATH: /usr/local/sbin
PATH: /usr/local/bin
PATH: /usr/sbin
PATH: /usr/bin
PATH: /sbin
PATH: /bin
PATH: /usr/games
PATH: /usr/local/games


## ----------- ##
## Core tests. ##
## ----------- ##

configure:2122: checking build system type
configure:2136: result: x86_64-unknown-linux-gnu
configure:2156: checking host system type
configure:2169: result: x86_64-unknown-linux-gnu
configure:2252: checking for gcc
configure:2268: found /usr/bin/gcc
configure:2279: result: gcc
configure:2508: checking for C compiler version
configure:2517: gcc --version >&5
gcc (Ubuntu 4.8.4-2ubuntu1~14.04.3) 4.8.4
Copyright (C) 2013 Free Software Foundation, Inc.
This is free software; see the source for copying conditions.  There is NO
warranty; not even for MERCHANTABILITY or FITNESS FOR A PARTICULAR PURPOSE.

configure:2528: $? = 0
configure:2517: gcc -v >&5
Using built-in specs.
COLLECT_GCC=gcc
COLLECT_LTO_WRAPPER=/usr/lib/gcc/x86_64-linux-gnu/4.8/lto-wrapper
Target: x86_64-linux-gnu
Configured with: ../src/configure -v --with-pkgversion='Ubuntu 4.8.4-2ubuntu1~14.04.3' --with-bugurl=file:///usr/share/doc/gcc-4.8/README.Bugs --enable-languages=c,c++,java,go,d,fortran,objc,obj-c++ --prefix=/usr --program-suffix=-4.8 --enable-shared --enable-linker-build-id --libexecdir=/usr/lib --without-included-gettext --enable-threads=posix --with-gxx-include-dir=/usr/include/c++/4.8 --libdir=/usr/lib --enable-nls --with-sysroot=/ --enable-clocale=gnu --enable-libstdcxx-debug --enable-libstdcxx-time=yes --enable-gnu-unique-object --disable-libmudflap --enable-plugin --with-system-zlib --disable-browser-plugin --enable-java-awt=gtk --enable-gtk-cairo --with-java-home=/usr/lib/jvm/java-1.5.0-gcj-4.8-amd64/jre --enable-java-home --with-jvm-root-dir=/usr/lib/jvm/java-1.5.0-gcj-4.8-amd64 --with-jvm-jar-dir=/usr/lib/jvm-exports/java-1.5.0-gcj-4.8-amd64 --with-arch-directory=amd64 --with-ecj-jar=/usr/share/java/eclipse-ecj.jar --enable-objc-gc --enable-multiarch --disable-werror --with-arch-32=i686 --with-abi=m64 --with-multilib-list=m32,m64,mx32 --with-tune=generic --enable-checking=release --build=x86_64-linux-gnu --host=x86_64-linux-gnu --target=x86_64-linux-gnu
Thread model: posix
gcc version 4.8.4 (Ubuntu 4.8.4-2ubuntu1~14.04.3) 
configure:2528: $? = 0
configure:2517: gcc -V >&5
gcc: error: unrecognized command line option '-V'
gcc: fatal error: no input files
compilation terminated.
configure:2528: $? = 4
configure:2517: gcc -qversion >&5
gcc: error: unrecognized command line option '-qversion'
gcc: fatal error: no input files
compilation terminated.
configure:2528: $? = 4
configure:2548: checking whether the C compiler works
configure:2570: gcc    conftest.c  >&5
configure:2574: $? = 0
configure:2622: result: yes
configure:2625: checking for C compiler default output file name
configure:2627: result: a.out
configure:2633: checking for suffix of executables
configure:2640: gcc -o conftest    conftest.c  >&5
configure:2644: $? = 0
configure:2666: result: 
configure:2688: checking whether we are cross compiling
configure:2696: gcc -o conftest    conftest.c  >&5
configure:2700: $? = 0
configure:2707: ./conftest
configure:2711: $? = 0
configure:2726: result: no
configure:2731: checking for suffix of object files
configure:2753: gcc -c   conftest.c >&5
configure:2757: $? = 0
configure:2778: result: o
configure:2782: checking whether we are using the GNU C compiler
configure:2801: gcc -c   conftest.c >&5
configure:2801: $? = 0
configure:2810: result: yes
configure:2819: checking whether gcc accepts -g
configure:2839: gcc -c -g  conftest.c >&5
configure:2839: $? = 0
configure:2880: result: yes
configure:2897: checking for gcc option to accept ISO C89
configure:2960: gcc  -c -g -O2  conftest.c >&5
configure:2960: $? = 0
configure:2973: result: none needed
configure:3036: checking for ranlib
configure:3052: found /usr/bin/ranlib
configure:3063: result: ranlib
configure:3087: checking for pthread_create in -lpthread
configure:3112: gcc -o conftest -g -O2   conftest.c -lpthread   >&5
configure:3112: $? = 0
configure:3121: result: yes
configure:3185: checking for t_open in -lnsl
configure:3210: gcc -o conftest -g -O2 -D_REENTRANT   conftest.c -lnsl  -lpthread  >&5
/tmp/ccONINdp.o: In function `main':
/home/max/gitProject/UNPLearning/unpv13e/conftest.c:22: undefined reference to `t_open'
collect2: error: ld returned 1 exit status
configure:3210: $? = 1
configure: failed program was:
| /* confdefs.h */
| #define PACKAGE_NAME ""
| #define PACKAGE_TARNAME ""
| #define PACKAGE_VERSION ""
| #define PACKAGE_STRING ""
| #define PACKAGE_BUGREPORT ""
| #define PACKAGE_URL ""
| #define CPU_VENDOR_OS "x86_64-unknown-linux-gnu"
| #define HAVE_LIBPTHREAD 1
| /* end confdefs.h.  */
| 
| /* Override any GCC internal prototype to avoid an error.
|    Use char because int might match the return type of a GCC
|    builtin and then its argument prototype would still apply.  */
| #ifdef __cplusplus
| extern "C"
| #endif
| char t_open ();
| int
| main ()
| {
| return t_open ();
|   ;
|   return 0;
| }
configure:3219: result: no
configure:3230: checking for library containing socket
configure:3261: gcc -o conftest -g -O2 -D_REENTRANT   conftest.c -lpthread  >&5
configure:3261: $? = 0
configure:3278: result: none required
configure:3287: checking for /usr/local/bind/lib/libbind.a
configure:3294: result: no
configure:3296: checking for /home/max/libbind.a
configure:3303: result: no
configure:3305: checking for /home/max/libresolv.a
configure:3312: result: no
configure:3314: checking for res_init in -lresolv
configure:3339: gcc -o conftest -g -O2 -D_REENTRANT   conftest.c -lresolv  -lpthread  >&5
/tmp/cc9tuNex.o: In function `main':
/home/max/gitProject/UNPLearning/unpv13e/conftest.c:22: undefined reference to `res_init'
collect2: error: ld returned 1 exit status
configure:3339: $? = 1
configure: failed program was:
| /* confdefs.h */
| #define PACKAGE_NAME ""
| #define PACKAGE_TARNAME ""
| #define PACKAGE_VERSION ""
| #define PACKAGE_STRING ""
| #define PACKAGE_BUGREPORT ""
| #define PACKAGE_URL ""
| #define CPU_VENDOR_OS "x86_64-unknown-linux-gnu"
| #define HAVE_LIBPTHREAD 1
| /* end confdefs.h.  */
| 
| /* Override any GCC internal prototype to avoid an error.
|    Use char because int might match the return type of a GCC
|    builtin and then its argument prototype would still apply.  */
| #ifdef __cplusplus
| extern "C"
| #endif
| char res_init ();
| int
| main ()
| {
| return res_init ();
|   ;
|   return 0;
| }
configure:3348: result: no
configure:3363: checking for t_open in -lxti
configure:3388: gcc -o conftest -g -O2 -D_REENTRANT   conftest.c -lxti  -lpthread  >&5
/usr/bin/ld: cannot find -lxti
collect2: error: ld returned 1 exit status
configure:3388: $? = 1
configure: failed program was:
| /* confdefs.h */
| #define PACKAGE_NAME ""
| #define PACKAGE_TARNAME ""
| #define PACKAGE_VERSION ""
| #define PACKAGE_STRING ""
| #define PACKAGE_BUGREPORT ""
| #define PACKAGE_URL ""
| #define CPU_VENDOR_OS "x86_64-unknown-linux-gnu"
| #define HAVE_LIBPTHREAD 1
| /* end confdefs.h.  */
| 
| /* Override any GCC internal prototype to avoid an error.
|    Use char because int might match the return type of a GCC
|    builtin and then its argument prototype would still apply.  */
| #ifdef __cplusplus
| extern "C"
| #endif
| char t_open ();
| int
| main ()
| {
| return t_open ();
|   ;
|   return 0;
| }
configure:3397: result: no
configure:3409: checking for /home/max/libunp.a
configure:3417: result: no
configure:3423: checking for /home/max/libunpxti.a
configure:3431: result: no
configure:3442: checking how to run the C preprocessor
configure:3473: gcc -E  conftest.c
configure:3473: $? = 0
configure:3487: gcc -E  conftest.c
conftest.c:11:28: fatal error: ac_nonexistent.h: No such file or directory
 #include <ac_nonexistent.h>
                            ^
compilation terminated.
configure:3487: $? = 1
configure: failed program was:
| /* confdefs.h */
| #define PACKAGE_NAME ""
| #define PACKAGE_TARNAME ""
| #define PACKAGE_VERSION ""
| #define PACKAGE_STRING ""
| #define PACKAGE_BUGREPORT ""
| #define PACKAGE_URL ""
| #define CPU_VENDOR_OS "x86_64-unknown-linux-gnu"
| #define HAVE_LIBPTHREAD 1
| /* end confdefs.h.  */
| #include <ac_nonexistent.h>
configure:3512: result: gcc -E
configure:3532: gcc -E  conftest.c
configure:3532: $? = 0
configure:3546: gcc -E  conftest.c
conftest.c:11:28: fatal error: ac_nonexistent.h: No such file or directory
 #include <ac_nonexistent.h>
                            ^
compilation terminated.
configure:3546: $? = 1
configure: failed program was:
| /* confdefs.h */
| #define PACKAGE_NAME ""
| #define PACKAGE_TARNAME ""
| #define PACKAGE_VERSION ""
| #define PACKAGE_STRING ""
| #define PACKAGE_BUGREPORT ""
| #define PACKAGE_URL ""
| #define CPU_VENDOR_OS "x86_64-unknown-linux-gnu"
| #define HAVE_LIBPTHREAD 1
| /* end confdefs.h.  */
| #include <ac_nonexistent.h>
configure:3575: checking for grep that handles long lines and -e
configure:3633: result: /bin/grep
configure:3638: checking for egrep
configure:3700: result: /bin/grep -E
configure:3705: checking for ANSI C header files
configure:3725: gcc -c -g -O2 -D_REENTRANT  conftest.c >&5
configure:3725: $? = 0
configure:3798: gcc -o conftest -g -O2 -D_REENTRANT   conftest.c -lpthread  >&5
configure:3798: $? = 0
configure:3798: ./conftest
configure:3798: $? = 0
configure:3809: result: yes
configure:3820: checking for sys/types.h
configure:3820: gcc -c -g -O2 -D_REENTRANT  conftest.c >&5
configure:3820: $? = 0
configure:3820: result: yes
configure:3820: checking for sys/socket.h
configure:3820: gcc -c -g -O2 -D_REENTRANT  conftest.c >&5
configure:3820: $? = 0
configure:3820: result: yes
configure:3820: checking for sys/time.h
configure:3820: gcc -c -g -O2 -D_REENTRANT  conftest.c >&5
configure:3820: $? = 0
configure:3820: result: yes
configure:3820: checking for time.h
configure:3820: gcc -c -g -O2 -D_REENTRANT  conftest.c >&5
configure:3820: $? = 0
configure:3820: result: yes
configure:3820: checking for netinet/in.h
configure:3820: gcc -c -g -O2 -D_REENTRANT  conftest.c >&5
configure:3820: $? = 0
configure:3820: result: yes
configure:3820: checking for arpa/inet.h
configure:3820: gcc -c -g -O2 -D_REENTRANT  conftest.c >&5
configure:3820: $? = 0
configure:3820: result: yes
configure:3820: checking for errno.h
configure:3820: gcc -c -g -O2 -D_REENTRANT  conftest.c >&5
configure:3820: $? = 0
configure:3820: result: yes
configure:3820: checking for fcntl.h
configure:3820: gcc -c -g -O2 -D_REENTRANT  conftest.c >&5
configure:3820: $? = 0
configure:3820: result: yes
configure:3820: checking for netdb.h
configure:3820: gcc -c -g -O2 -D_REENTRANT  conftest.c >&5
configure:3820: $? = 0
configure:3820: result: yes
configure:3820: checking for signal.h
configure:3820: gcc -c -g -O2 -D_REENTRANT  conftest.c >&5
configure:3820: $? = 0
configure:3820: result: yes
configure:3820: checking for stdio.h
configure:3820: gcc -c -g -O2 -D_REENTRANT  conftest.c >&5
configure:3820: $? = 0
configure:3820: result: yes
configure:3820: checking for stdlib.h
configure:3820: gcc -c -g -O2 -D_REENTRANT  conftest.c >&5
configure:3820: $? = 0
configure:3820: result: yes
configure:3820: checking for string.h
configure:3820: gcc -c -g -O2 -D_REENTRANT  conftest.c >&5
configure:3820: $? = 0
configure:3820: result: yes
configure:3820: checking for sys/stat.h
configure:3820: gcc -c -g -O2 -D_REENTRANT  conftest.c >&5
configure:3820: $? = 0
configure:3820: result: yes
configure:3820: checking for sys/uio.h
configure:3820: gcc -c -g -O2 -D_REENTRANT  conftest.c >&5
configure:3820: $? = 0
configure:3820: result: yes
configure:3820: checking for unistd.h
configure:3820: gcc -c -g -O2 -D_REENTRANT  conftest.c >&5
configure:3820: $? = 0
configure:3820: result: yes
configure:3820: checking for sys/wait.h
configure:3820: gcc -c -g -O2 -D_REENTRANT  conftest.c >&5
configure:3820: $? = 0
configure:3820: result: yes
configure:3820: checking for sys/un.h
configure:3820: gcc -c -g -O2 -D_REENTRANT  conftest.c >&5
configure:3820: $? = 0
configure:3820: result: yes
configure:3820: checking for sys/param.h
configure:3820: gcc -c -g -O2 -D_REENTRANT  conftest.c >&5
configure:3820: $? = 0
configure:3820: result: yes
configure:3820: checking for sys/select.h
configure:3820: gcc -c -g -O2 -D_REENTRANT  conftest.c >&5
configure:3820: $? = 0
configure:3820: result: yes
configure:3820: checking for sys/sysctl.h
configure:3820: gcc -c -g -O2 -D_REENTRANT  conftest.c >&5
configure:3820: $? = 0
configure:3820: result: yes
configure:3820: checking for poll.h
configure:3820: gcc -c -g -O2 -D_REENTRANT  conftest.c >&5
configure:3820: $? = 0
configure:3820: result: yes
configure:3820: checking for sys/event.h
configure:3820: gcc -c -g -O2 -D_REENTRANT  conftest.c >&5
conftest.c:73:23: fatal error: sys/event.h: No such file or directory
 #include <sys/event.h>
                       ^
compilation terminated.
configure:3820: $? = 1
configure: failed program was:
| /* confdefs.h */
| #define PACKAGE_NAME ""
| #define PACKAGE_TARNAME ""
| #define PACKAGE_VERSION ""
| #define PACKAGE_STRING ""
| #define PACKAGE_BUGREPORT ""
| #define PACKAGE_URL ""
| #define CPU_VENDOR_OS "x86_64-unknown-linux-gnu"
| #define HAVE_LIBPTHREAD 1
| #define STDC_HEADERS 1
| #define HAVE_SYS_TYPES_H 1
| #define HAVE_SYS_SOCKET_H 1
| #define HAVE_SYS_TIME_H 1
| #define HAVE_TIME_H 1
| #define HAVE_NETINET_IN_H 1
| #define HAVE_ARPA_INET_H 1
| #define HAVE_ERRNO_H 1
| #define HAVE_FCNTL_H 1
| #define HAVE_NETDB_H 1
| #define HAVE_SIGNAL_H 1
| #define HAVE_STDIO_H 1
| #define HAVE_STDLIB_H 1
| #define HAVE_STRING_H 1
| #define HAVE_SYS_STAT_H 1
| #define HAVE_SYS_UIO_H 1
| #define HAVE_UNISTD_H 1
| #define HAVE_SYS_WAIT_H 1
| #define HAVE_SYS_UN_H 1
| #define HAVE_SYS_PARAM_H 1
| #define HAVE_SYS_SELECT_H 1
| #define HAVE_SYS_SYSCTL_H 1
| #define HAVE_POLL_H 1
| /* end confdefs.h.  */
| 
| #include <stdio.h>
| #if HAVE_SYS_TYPES_H
| # include <sys/types.h>
| #endif
| #if HAVE_SYS_STAT_H
| # include <sys/stat.h>
| #endif
| #if STDC_HEADERS
| # include <stdlib.h>
| # include <stddef.h>
| #else
| # if HAVE_STDLIB_H
| #  include <stdlib.h>
| # endif
| #endif
| #if HAVE_STRING_H
| # if !STDC_HEADERS && HAVE_MEMORY_H
| #  include <memory.h>
| # endif
| # include <string.h>
| #endif
| #if HAVE_STRINGS_H
| # include <strings.h>
| #endif
| #if HAVE_INTTYPES_H
| # include <inttypes.h>
| #else
| # if HAVE_STDINT_H
| #  include <stdint.h>
| # endif
| #endif
| #if HAVE_UNISTD_H
| # include <unistd.h>
| #endif
| #if HAVE_SYS_PARAM_H
| # include <sys/param.h>
| #endif
| 
| #include <sys/event.h>
configure:3820: result: no
configure:3820: checking for strings.h
configure:3820: gcc -c -g -O2 -D_REENTRANT  conftest.c >&5
configure:3820: $? = 0
configure:3820: result: yes
configure:3820: checking for sys/ioctl.h
configure:3820: gcc -c -g -O2 -D_REENTRANT  conftest.c >&5
configure:3820: $? = 0
configure:3820: result: yes
configure:3820: checking for sys/filio.h
configure:3820: gcc -c -g -O2 -D_REENTRANT  conftest.c >&5
conftest.c:75:23: fatal error: sys/filio.h: No such file or directory
 #include <sys/filio.h>
                       ^
compilation terminated.
configure:3820: $? = 1
configure: failed program was:
| /* confdefs.h */
| #define PACKAGE_NAME ""
| #define PACKAGE_TARNAME ""
| #define PACKAGE_VERSION ""
| #define PACKAGE_STRING ""
| #define PACKAGE_BUGREPORT ""
| #define PACKAGE_URL ""
| #define CPU_VENDOR_OS "x86_64-unknown-linux-gnu"
| #define HAVE_LIBPTHREAD 1
| #define STDC_HEADERS 1
| #define HAVE_SYS_TYPES_H 1
| #define HAVE_SYS_SOCKET_H 1
| #define HAVE_SYS_TIME_H 1
| #define HAVE_TIME_H 1
| #define HAVE_NETINET_IN_H 1
| #define HAVE_ARPA_INET_H 1
| #define HAVE_ERRNO_H 1
| #define HAVE_FCNTL_H 1
| #define HAVE_NETDB_H 1
| #define HAVE_SIGNAL_H 1
| #define HAVE_STDIO_H 1
| #define HAVE_STDLIB_H 1
| #define HAVE_STRING_H 1
| #define HAVE_SYS_STAT_H 1
| #define HAVE_SYS_UIO_H 1
| #define HAVE_UNISTD_H 1
| #define HAVE_SYS_WAIT_H 1
| #define HAVE_SYS_UN_H 1
| #define HAVE_SYS_PARAM_H 1
| #define HAVE_SYS_SELECT_H 1
| #define HAVE_SYS_SYSCTL_H 1
| #define HAVE_POLL_H 1
| #define HAVE_STRINGS_H 1
| #define HAVE_SYS_IOCTL_H 1
| /* end confdefs.h.  */
| 
| #include <stdio.h>
| #if HAVE_SYS_TYPES_H
| # include <sys/types.h>
| #endif
| #if HAVE_SYS_STAT_H
| # include <sys/stat.h>
| #endif
| #if STDC_HEADERS
| # include <stdlib.h>
| # include <stddef.h>
| #else
| # if HAVE_STDLIB_H
| #  include <stdlib.h>
| # endif
| #endif
| #if HAVE_STRING_H
| # if !STDC_HEADERS && HAVE_MEMORY_H
| #  include <memory.h>
| # endif
| # include <string.h>
| #endif
| #if HAVE_STRINGS_H
| # include <strings.h>
| #endif
| #if HAVE_INTTYPES_H
| # include <inttypes.h>
| #else
| # if HAVE_STDINT_H
| #  include <stdint.h>
| # endif
| #endif
| #if HAVE_UNISTD_H
| # include <unistd.h>
| #endif
| #if HAVE_SYS_PARAM_H
| # include <sys/param.h>
| #endif
| 
| #include <sys/filio.h>
configure:3820: result: no
configure:3820: checking for sys/sockio.h
configure:3820: gcc -c -g -O2 -D_REENTRANT  conftest.c >&5
conftest.c:75:24: fatal error: sys/sockio.h: No such file or directory
 #include <sys/sockio.h>
                        ^
compilation terminated.
configure:3820: $? = 1
configure: failed program was:
| /* confdefs.h */
| #define PACKAGE_NAME ""
| #define PACKAGE_TARNAME ""
| #define PACKAGE_VERSION ""
| #define PACKAGE_STRING ""
| #define PACKAGE_BUGREPORT ""
| #define PACKAGE_URL ""
| #define CPU_VENDOR_OS "x86_64-unknown-linux-gnu"
| #define HAVE_LIBPTHREAD 1
| #define STDC_HEADERS 1
| #define HAVE_SYS_TYPES_H 1
| #define HAVE_SYS_SOCKET_H 1
| #define HAVE_SYS_TIME_H 1
| #define HAVE_TIME_H 1
| #define HAVE_NETINET_IN_H 1
| #define HAVE_ARPA_INET_H 1
| #define HAVE_ERRNO_H 1
| #define HAVE_FCNTL_H 1
| #define HAVE_NETDB_H 1
| #define HAVE_SIGNAL_H 1
| #define HAVE_STDIO_H 1
| #define HAVE_STDLIB_H 1
| #define HAVE_STRING_H 1
| #define HAVE_SYS_STAT_H 1
| #define HAVE_SYS_UIO_H 1
| #define HAVE_UNISTD_H 1
| #define HAVE_SYS_WAIT_H 1
| #define HAVE_SYS_UN_H 1
| #define HAVE_SYS_PARAM_H 1
| #define HAVE_SYS_SELECT_H 1
| #define HAVE_SYS_SYSCTL_H 1
| #define HAVE_POLL_H 1
| #define HAVE_STRINGS_H 1
| #define HAVE_SYS_IOCTL_H 1
| /* end confdefs.h.  */
| 
| #include <stdio.h>
| #if HAVE_SYS_TYPES_H
| # include <sys/types.h>
| #endif
| #if HAVE_SYS_STAT_H
| # include <sys/stat.h>
| #endif
| #if STDC_HEADERS
| # include <stdlib.h>
| # include <stddef.h>
| #else
| # if HAVE_STDLIB_H
| #  include <stdlib.h>
| # endif
| #endif
| #if HAVE_STRING_H
| # if !STDC_HEADERS && HAVE_MEMORY_H
| #  include <memory.h>
| # endif
| # include <string.h>
| #endif
| #if HAVE_STRINGS_H
| # include <strings.h>
| #endif
| #if HAVE_INTTYPES_H
| # include <inttypes.h>
| #else
| # if HAVE_STDINT_H
| #  include <stdint.h>
| # endif
| #endif
| #if HAVE_UNISTD_H
| # include <unistd.h>
| #endif
| #if HAVE_SYS_PARAM_H
| # include <sys/param.h>
| #endif
| 
| #include <sys/sockio.h>
configure:3820: result: no
configure:3820: checking for pthread.h
configure:3820: gcc -c -g -O2 -D_REENTRANT  conftest.c >&5
configure:3820: $? = 0
configure:3820: result: yes
configure:3820: checking for net/if_dl.h
configure:3820: gcc -c -g -O2 -D_REENTRANT  conftest.c >&5
conftest.c:76:23: fatal error: net/if_dl.h: No such file or directory
 #include <net/if_dl.h>
                       ^
compilation terminated.
configure:3820: $? = 1
configure: failed program was:
| /* confdefs.h */
| #define PACKAGE_NAME ""
| #define PACKAGE_TARNAME ""
| #define PACKAGE_VERSION ""
| #define PACKAGE_STRING ""
| #define PACKAGE_BUGREPORT ""
| #define PACKAGE_URL ""
| #define CPU_VENDOR_OS "x86_64-unknown-linux-gnu"
| #define HAVE_LIBPTHREAD 1
| #define STDC_HEADERS 1
| #define HAVE_SYS_TYPES_H 1
| #define HAVE_SYS_SOCKET_H 1
| #define HAVE_SYS_TIME_H 1
| #define HAVE_TIME_H 1
| #define HAVE_NETINET_IN_H 1
| #define HAVE_ARPA_INET_H 1
| #define HAVE_ERRNO_H 1
| #define HAVE_FCNTL_H 1
| #define HAVE_NETDB_H 1
| #define HAVE_SIGNAL_H 1
| #define HAVE_STDIO_H 1
| #define HAVE_STDLIB_H 1
| #define HAVE_STRING_H 1
| #define HAVE_SYS_STAT_H 1
| #define HAVE_SYS_UIO_H 1
| #define HAVE_UNISTD_H 1
| #define HAVE_SYS_WAIT_H 1
| #define HAVE_SYS_UN_H 1
| #define HAVE_SYS_PARAM_H 1
| #define HAVE_SYS_SELECT_H 1
| #define HAVE_SYS_SYSCTL_H 1
| #define HAVE_POLL_H 1
| #define HAVE_STRINGS_H 1
| #define HAVE_SYS_IOCTL_H 1
| #define HAVE_PTHREAD_H 1
| /* end confdefs.h.  */
| 
| #include <stdio.h>
| #if HAVE_SYS_TYPES_H
| # include <sys/types.h>
| #endif
| #if HAVE_SYS_STAT_H
| # include <sys/stat.h>
| #endif
| #if STDC_HEADERS
| # include <stdlib.h>
| # include <stddef.h>
| #else
| # if HAVE_STDLIB_H
| #  include <stdlib.h>
| # endif
| #endif
| #if HAVE_STRING_H
| # if !STDC_HEADERS && HAVE_MEMORY_H
| #  include <memory.h>
| # endif
| # include <string.h>
| #endif
| #if HAVE_STRINGS_H
| # include <strings.h>
| #endif
| #if HAVE_INTTYPES_H
| # include <inttypes.h>
| #else
| # if HAVE_STDINT_H
| #  include <stdint.h>
| # endif
| #endif
| #if HAVE_UNISTD_H
| # include <unistd.h>
| #endif
| #if HAVE_SYS_PARAM_H
| # include <sys/param.h>
| #endif
| 
| #include <net/if_dl.h>
configure:3820: result: no
configure:3820: checking for xti.h
configure:3820: gcc -c -g -O2 -D_REENTRANT  conftest.c >&5
conftest.c:76:17: fatal error: xti.h: No such file or directory
 #include <xti.h>
                 ^
compilation terminated.
configure:3820: $? = 1
configure: failed program was:
| /* confdefs.h */
| #define PACKAGE_NAME ""
| #define PACKAGE_TARNAME ""
| #define PACKAGE_VERSION ""
| #define PACKAGE_STRING ""
| #define PACKAGE_BUGREPORT ""
| #define PACKAGE_URL ""
| #define CPU_VENDOR_OS "x86_64-unknown-linux-gnu"
| #define HAVE_LIBPTHREAD 1
| #define STDC_HEADERS 1
| #define HAVE_SYS_TYPES_H 1
| #define HAVE_SYS_SOCKET_H 1
| #define HAVE_SYS_TIME_H 1
| #define HAVE_TIME_H 1
| #define HAVE_NETINET_IN_H 1
| #define HAVE_ARPA_INET_H 1
| #define HAVE_ERRNO_H 1
| #define HAVE_FCNTL_H 1
| #define HAVE_NETDB_H 1
| #define HAVE_SIGNAL_H 1
| #define HAVE_STDIO_H 1
| #define HAVE_STDLIB_H 1
| #define HAVE_STRING_H 1
| #define HAVE_SYS_STAT_H 1
| #define HAVE_SYS_UIO_H 1
| #define HAVE_UNISTD_H 1
| #define HAVE_SYS_WAIT_H 1
| #define HAVE_SYS_UN_H 1
| #define HAVE_SYS_PARAM_H 1
| #define HAVE_SYS_SELECT_H 1
| #define HAVE_SYS_SYSCTL_H 1
| #define HAVE_POLL_H 1
| #define HAVE_STRINGS_H 1
| #define HAVE_SYS_IOCTL_H 1
| #define HAVE_PTHREAD_H 1
| /* end confdefs.h.  */
| 
| #include <stdio.h>
| #if HAVE_SYS_TYPES_H
| # include <sys/types.h>
| #endif
| #if HAVE_SYS_STAT_H
| # include <sys/stat.h>
| #endif
| #if STDC_HEADERS
| # include <stdlib.h>
| # include <stddef.h>
| #else
| # if HAVE_STDLIB_H
| #  include <stdlib.h>
| # endif
| #endif
| #if HAVE_STRING_H
| # if !STDC_HEADERS && HAVE_MEMORY_H
| #  include <memory.h>
| # endif
| # include <string.h>
| #endif
| #if HAVE_STRINGS_H
| # include <strings.h>
| #endif
| #if HAVE_INTTYPES_H
| # include <inttypes.h>
| #else
| # if HAVE_STDINT_H
| #  include <stdint.h>
| # endif
| #endif
| #if HAVE_UNISTD_H
| # include <unistd.h>
| #endif
| #if HAVE_SYS_PARAM_H
| # include <sys/param.h>
| #endif
| 
| #include <xti.h>
configure:3820: result: no
configure:3820: checking for xti_inet.h
configure:3820: gcc -c -g -O2 -D_REENTRANT  conftest.c >&5
conftest.c:76:22: fatal error: xti_inet.h: No such file or directory
 #include <xti_inet.h>
                      ^
compilation terminated.
configure:3820: $? = 1
configure: failed program was:
| /* confdefs.h */
| #define PACKAGE_NAME ""
| #define PACKAGE_TARNAME ""
| #define PACKAGE_VERSION ""
| #define PACKAGE_STRING ""
| #define PACKAGE_BUGREPORT ""
| #define PACKAGE_URL ""
| #define CPU_VENDOR_OS "x86_64-unknown-linux-gnu"
| #define HAVE_LIBPTHREAD 1
| #define STDC_HEADERS 1
| #define HAVE_SYS_TYPES_H 1
| #define HAVE_SYS_SOCKET_H 1
| #define HAVE_SYS_TIME_H 1
| #define HAVE_TIME_H 1
| #define HAVE_NETINET_IN_H 1
| #define HAVE_ARPA_INET_H 1
| #define HAVE_ERRNO_H 1
| #define HAVE_FCNTL_H 1
| #define HAVE_NETDB_H 1
| #define HAVE_SIGNAL_H 1
| #define HAVE_STDIO_H 1
| #define HAVE_STDLIB_H 1
| #define HAVE_STRING_H 1
| #define HAVE_SYS_STAT_H 1
| #define HAVE_SYS_UIO_H 1
| #define HAVE_UNISTD_H 1
| #define HAVE_SYS_WAIT_H 1
| #define HAVE_SYS_UN_H 1
| #define HAVE_SYS_PARAM_H 1
| #define HAVE_SYS_SELECT_H 1
| #define HAVE_SYS_SYSCTL_H 1
| #define HAVE_POLL_H 1
| #define HAVE_STRINGS_H 1
| #define HAVE_SYS_IOCTL_H 1
| #define HAVE_PTHREAD_H 1
| /* end confdefs.h.  */
| 
| #include <stdio.h>
| #if HAVE_SYS_TYPES_H
| # include <sys/types.h>
| #endif
| #if HAVE_SYS_STAT_H
| # include <sys/stat.h>
| #endif
| #if STDC_HEADERS
| # include <stdlib.h>
| # include <stddef.h>
| #else
| # if HAVE_STDLIB_H
| #  include <stdlib.h>
| # endif
| #endif
| #if HAVE_STRING_H
| # if !STDC_HEADERS && HAVE_MEMORY_H
| #  include <memory.h>
| # endif
| # include <string.h>
| #endif
| #if HAVE_STRINGS_H
| # include <strings.h>
| #endif
| #if HAVE_INTTYPES_H
| # include <inttypes.h>
| #else
| # if HAVE_STDINT_H
| #  include <stdint.h>
| # endif
| #endif
| #if HAVE_UNISTD_H
| # include <unistd.h>
| #endif
| #if HAVE_SYS_PARAM_H
| # include <sys/param.h>
| #endif
| 
| #include <xti_inet.h>
configure:3820: result: no
configure:3820: checking for netconfig.h
configure:3820: gcc -c -g -O2 -D_REENTRANT  conftest.c >&5
conftest.c:76:23: fatal error: netconfig.h: No such file or directory
 #include <netconfig.h>
                       ^
compilation terminated.
configure:3820: $? = 1
configure: failed program was:
| /* confdefs.h */
| #define PACKAGE_NAME ""
| #define PACKAGE_TARNAME ""
| #define PACKAGE_VERSION ""
| #define PACKAGE_STRING ""
| #define PACKAGE_BUGREPORT ""
| #define PACKAGE_URL ""
| #define CPU_VENDOR_OS "x86_64-unknown-linux-gnu"
| #define HAVE_LIBPTHREAD 1
| #define STDC_HEADERS 1
| #define HAVE_SYS_TYPES_H 1
| #define HAVE_SYS_SOCKET_H 1
| #define HAVE_SYS_TIME_H 1
| #define HAVE_TIME_H 1
| #define HAVE_NETINET_IN_H 1
| #define HAVE_ARPA_INET_H 1
| #define HAVE_ERRNO_H 1
| #define HAVE_FCNTL_H 1
| #define HAVE_NETDB_H 1
| #define HAVE_SIGNAL_H 1
| #define HAVE_STDIO_H 1
| #define HAVE_STDLIB_H 1
| #define HAVE_STRING_H 1
| #define HAVE_SYS_STAT_H 1
| #define HAVE_SYS_UIO_H 1
| #define HAVE_UNISTD_H 1
| #define HAVE_SYS_WAIT_H 1
| #define HAVE_SYS_UN_H 1
| #define HAVE_SYS_PARAM_H 1
| #define HAVE_SYS_SELECT_H 1
| #define HAVE_SYS_SYSCTL_H 1
| #define HAVE_POLL_H 1
| #define HAVE_STRINGS_H 1
| #define HAVE_SYS_IOCTL_H 1
| #define HAVE_PTHREAD_H 1
| /* end confdefs.h.  */
| 
| #include <stdio.h>
| #if HAVE_SYS_TYPES_H
| # include <sys/types.h>
| #endif
| #if HAVE_SYS_STAT_H
| # include <sys/stat.h>
| #endif
| #if STDC_HEADERS
| # include <stdlib.h>
| # include <stddef.h>
| #else
| # if HAVE_STDLIB_H
| #  include <stdlib.h>
| # endif
| #endif
| #if HAVE_STRING_H
| # if !STDC_HEADERS && HAVE_MEMORY_H
| #  include <memory.h>
| # endif
| # include <string.h>
| #endif
| #if HAVE_STRINGS_H
| # include <strings.h>
| #endif
| #if HAVE_INTTYPES_H
| # include <inttypes.h>
| #else
| # if HAVE_STDINT_H
| #  include <stdint.h>
| # endif
| #endif
| #if HAVE_UNISTD_H
| # include <unistd.h>
| #endif
| #if HAVE_SYS_PARAM_H
| # include <sys/param.h>
| #endif
| 
| #include <netconfig.h>
configure:3820: result: no
configure:3820: checking for netdir.h
configure:3820: gcc -c -g -O2 -D_REENTRANT  conftest.c >&5
conftest.c:76:20: fatal error: netdir.h: No such file or directory
 #include <netdir.h>
                    ^
compilation terminated.
configure:3820: $? = 1
configure: failed program was:
| /* confdefs.h */
| #define PACKAGE_NAME ""
| #define PACKAGE_TARNAME ""
| #define PACKAGE_VERSION ""
| #define PACKAGE_STRING ""
| #define PACKAGE_BUGREPORT ""
| #define PACKAGE_URL ""
| #define CPU_VENDOR_OS "x86_64-unknown-linux-gnu"
| #define HAVE_LIBPTHREAD 1
| #define STDC_HEADERS 1
| #define HAVE_SYS_TYPES_H 1
| #define HAVE_SYS_SOCKET_H 1
| #define HAVE_SYS_TIME_H 1
| #define HAVE_TIME_H 1
| #define HAVE_NETINET_IN_H 1
| #define HAVE_ARPA_INET_H 1
| #define HAVE_ERRNO_H 1
| #define HAVE_FCNTL_H 1
| #define HAVE_NETDB_H 1
| #define HAVE_SIGNAL_H 1
| #define HAVE_STDIO_H 1
| #define HAVE_STDLIB_H 1
| #define HAVE_STRING_H 1
| #define HAVE_SYS_STAT_H 1
| #define HAVE_SYS_UIO_H 1
| #define HAVE_UNISTD_H 1
| #define HAVE_SYS_WAIT_H 1
| #define HAVE_SYS_UN_H 1
| #define HAVE_SYS_PARAM_H 1
| #define HAVE_SYS_SELECT_H 1
| #define HAVE_SYS_SYSCTL_H 1
| #define HAVE_POLL_H 1
| #define HAVE_STRINGS_H 1
| #define HAVE_SYS_IOCTL_H 1
| #define HAVE_PTHREAD_H 1
| /* end confdefs.h.  */
| 
| #include <stdio.h>
| #if HAVE_SYS_TYPES_H
| # include <sys/types.h>
| #endif
| #if HAVE_SYS_STAT_H
| # include <sys/stat.h>
| #endif
| #if STDC_HEADERS
| # include <stdlib.h>
| # include <stddef.h>
| #else
| # if HAVE_STDLIB_H
| #  include <stdlib.h>
| # endif
| #endif
| #if HAVE_STRING_H
| # if !STDC_HEADERS && HAVE_MEMORY_H
| #  include <memory.h>
| # endif
| # include <string.h>
| #endif
| #if HAVE_STRINGS_H
| # include <strings.h>
| #endif
| #if HAVE_INTTYPES_H
| # include <inttypes.h>
| #else
| # if HAVE_STDINT_H
| #  include <stdint.h>
| # endif
| #endif
| #if HAVE_UNISTD_H
| # include <unistd.h>
| #endif
| #if HAVE_SYS_PARAM_H
| # include <sys/param.h>
| #endif
| 
| #include <netdir.h>
configure:3820: result: no
configure:3820: checking for stropts.h
configure:3820: gcc -c -g -O2 -D_REENTRANT  conftest.c >&5
configure:3820: $? = 0
configure:3820: result: yes
configure:3869: checking whether time.h and sys/time.h may both be included
configure:3889: gcc -c -g -O2 -D_REENTRANT  conftest.c >&5
configure:3889: $? = 0
configure:3896: result: yes
configure:3904: checking if uint8_t defined
configure:3990: gcc -c -g -O2 -D_REENTRANT  conftest.c >&5
configure:3990: $? = 0
configure:3998: result: yes
configure:4006: checking if int16_t defined
configure:4092: gcc -c -g -O2 -D_REENTRANT  conftest.c >&5
configure:4092: $? = 0
configure:4100: result: yes
configure:4108: checking if uint16_t defined
configure:4194: gcc -c -g -O2 -D_REENTRANT  conftest.c >&5
configure:4194: $? = 0
configure:4202: result: yes
configure:4210: checking if int32_t defined
configure:4296: gcc -c -g -O2 -D_REENTRANT  conftest.c >&5
configure:4296: $? = 0
configure:4304: result: yes
configure:4312: checking if uint32_t defined
configure:4398: gcc -c -g -O2 -D_REENTRANT  conftest.c >&5
configure:4398: $? = 0
configure:4406: result: yes
configure:4414: checking if size_t defined
configure:4500: gcc -c -g -O2 -D_REENTRANT  conftest.c >&5
configure:4500: $? = 0
configure:4508: result: yes
configure:4516: checking if ssize_t defined
configure:4602: gcc -c -g -O2 -D_REENTRANT  conftest.c >&5
configure:4602: $? = 0
configure:4610: result: yes
configure:4618: checking if socklen_t defined
configure:4704: gcc -c -g -O2 -D_REENTRANT  conftest.c >&5
configure:4704: $? = 0
configure:4712: result: yes
configure:4720: checking if sa_family_t defined
configure:4806: gcc -c -g -O2 -D_REENTRANT  conftest.c >&5
configure:4806: $? = 0
configure:4814: result: yes
configure:4823: checking if t_scalar_t defined
configure:4924: gcc -c -g -O2 -D_REENTRANT  conftest.c >&5
configure:4924: $? = 0
configure:4932: result: yes
configure:4940: checking if t_uscalar_t defined
configure:5041: gcc -c -g -O2 -D_REENTRANT  conftest.c >&5
configure:5041: $? = 0
configure:5049: result: yes
configure:5058: checking for struct sockaddr.sa_len
configure:5058: gcc -c -g -O2 -D_REENTRANT  conftest.c >&5
conftest.c: In function 'main':
conftest.c:47:12: error: 'struct sockaddr' has no member named 'sa_len'
 if (ac_aggr.sa_len)
            ^
configure:5058: $? = 1
configure: failed program was:
| /* confdefs.h */
| #define PACKAGE_NAME ""
| #define PACKAGE_TARNAME ""
| #define PACKAGE_VERSION ""
| #define PACKAGE_STRING ""
| #define PACKAGE_BUGREPORT ""
| #define PACKAGE_URL ""
| #define CPU_VENDOR_OS "x86_64-unknown-linux-gnu"
| #define HAVE_LIBPTHREAD 1
| #define STDC_HEADERS 1
| #define HAVE_SYS_TYPES_H 1
| #define HAVE_SYS_SOCKET_H 1
| #define HAVE_SYS_TIME_H 1
| #define HAVE_TIME_H 1
| #define HAVE_NETINET_IN_H 1
| #define HAVE_ARPA_INET_H 1
| #define HAVE_ERRNO_H 1
| #define HAVE_FCNTL_H 1
| #define HAVE_NETDB_H 1
| #define HAVE_SIGNAL_H 1
| #define HAVE_STDIO_H 1
| #define HAVE_STDLIB_H 1
| #define HAVE_STRING_H 1
| #define HAVE_SYS_STAT_H 1
| #define HAVE_SYS_UIO_H 1
| #define HAVE_UNISTD_H 1
| #define HAVE_SYS_WAIT_H 1
| #define HAVE_SYS_UN_H 1
| #define HAVE_SYS_PARAM_H 1
| #define HAVE_SYS_SELECT_H 1
| #define HAVE_SYS_SYSCTL_H 1
| #define HAVE_POLL_H 1
| #define HAVE_STRINGS_H 1
| #define HAVE_SYS_IOCTL_H 1
| #define HAVE_PTHREAD_H 1
| #define HAVE_STROPTS_H 1
| #define TIME_WITH_SYS_TIME 1
| /* end confdefs.h.  */
| 
| #include <sys/types.h>
| #include <sys/socket.h>
| 
| int
| main ()
| {
| static struct sockaddr ac_aggr;
| if (ac_aggr.sa_len)
| return 0;
|   ;
|   return 0;
| }
configure:5058: gcc -c -g -O2 -D_REENTRANT  conftest.c >&5
conftest.c: In function 'main':
conftest.c:47:19: error: 'struct sockaddr' has no member named 'sa_len'
 if (sizeof ac_aggr.sa_len)
                   ^
configure:5058: $? = 1
configure: failed program was:
| /* confdefs.h */
| #define PACKAGE_NAME ""
| #define PACKAGE_TARNAME ""
| #define PACKAGE_VERSION ""
| #define PACKAGE_STRING ""
| #define PACKAGE_BUGREPORT ""
| #define PACKAGE_URL ""
| #define CPU_VENDOR_OS "x86_64-unknown-linux-gnu"
| #define HAVE_LIBPTHREAD 1
| #define STDC_HEADERS 1
| #define HAVE_SYS_TYPES_H 1
| #define HAVE_SYS_SOCKET_H 1
| #define HAVE_SYS_TIME_H 1
| #define HAVE_TIME_H 1
| #define HAVE_NETINET_IN_H 1
| #define HAVE_ARPA_INET_H 1
| #define HAVE_ERRNO_H 1
| #define HAVE_FCNTL_H 1
| #define HAVE_NETDB_H 1
| #define HAVE_SIGNAL_H 1
| #define HAVE_STDIO_H 1
| #define HAVE_STDLIB_H 1
| #define HAVE_STRING_H 1
| #define HAVE_SYS_STAT_H 1
| #define HAVE_SYS_UIO_H 1
| #define HAVE_UNISTD_H 1
| #define HAVE_SYS_WAIT_H 1
| #define HAVE_SYS_UN_H 1
| #define HAVE_SYS_PARAM_H 1
| #define HAVE_SYS_SELECT_H 1
| #define HAVE_SYS_SYSCTL_H 1
| #define HAVE_POLL_H 1
| #define HAVE_STRINGS_H 1
| #define HAVE_SYS_IOCTL_H 1
| #define HAVE_PTHREAD_H 1
| #define HAVE_STROPTS_H 1
| #define TIME_WITH_SYS_TIME 1
| /* end confdefs.h.  */
| 
| #include <sys/types.h>
| #include <sys/socket.h>
| 
| int
| main ()
| {
| static struct sockaddr ac_aggr;
| if (sizeof ac_aggr.sa_len)
| return 0;
|   ;
|   return 0;
| }
configure:5058: result: no
configure:5080: checking for struct sockaddr_storage
configure:5080: gcc -c -g -O2 -D_REENTRANT  conftest.c >&5
configure:5080: $? = 0
configure:5080: gcc -c -g -O2 -D_REENTRANT  conftest.c >&5
conftest.c: In function 'main':
conftest.c:46:38: error: expected expression before ')' token
 if (sizeof ((struct sockaddr_storage)))
                                      ^
configure:5080: $? = 1
configure: failed program was:
| /* confdefs.h */
| #define PACKAGE_NAME ""
| #define PACKAGE_TARNAME ""
| #define PACKAGE_VERSION ""
| #define PACKAGE_STRING ""
| #define PACKAGE_BUGREPORT ""
| #define PACKAGE_URL ""
| #define CPU_VENDOR_OS "x86_64-unknown-linux-gnu"
| #define HAVE_LIBPTHREAD 1
| #define STDC_HEADERS 1
| #define HAVE_SYS_TYPES_H 1
| #define HAVE_SYS_SOCKET_H 1
| #define HAVE_SYS_TIME_H 1
| #define HAVE_TIME_H 1
| #define HAVE_NETINET_IN_H 1
| #define HAVE_ARPA_INET_H 1
| #define HAVE_ERRNO_H 1
| #define HAVE_FCNTL_H 1
| #define HAVE_NETDB_H 1
| #define HAVE_SIGNAL_H 1
| #define HAVE_STDIO_H 1
| #define HAVE_STDLIB_H 1
| #define HAVE_STRING_H 1
| #define HAVE_SYS_STAT_H 1
| #define HAVE_SYS_UIO_H 1
| #define HAVE_UNISTD_H 1
| #define HAVE_SYS_WAIT_H 1
| #define HAVE_SYS_UN_H 1
| #define HAVE_SYS_PARAM_H 1
| #define HAVE_SYS_SELECT_H 1
| #define HAVE_SYS_SYSCTL_H 1
| #define HAVE_POLL_H 1
| #define HAVE_STRINGS_H 1
| #define HAVE_SYS_IOCTL_H 1
| #define HAVE_PTHREAD_H 1
| #define HAVE_STROPTS_H 1
| #define TIME_WITH_SYS_TIME 1
| /* end confdefs.h.  */
| 
| #include <sys/types.h>
| #include <sys/socket.h>
| 
| int
| main ()
| {
| if (sizeof ((struct sockaddr_storage)))
| 	    return 0;
|   ;
|   return 0;
| }
configure:5080: result: yes
configure:5090: checking for struct sockaddr_storage.ss_family
configure:5090: gcc -c -g -O2 -D_REENTRANT  conftest.c >&5
configure:5090: $? = 0
configure:5090: result: yes
configure:5114: checking for struct msghdr.msg_control
configure:5114: gcc -c -g -O2 -D_REENTRANT  conftest.c >&5
configure:5114: $? = 0
configure:5114: result: yes
configure:5125: checking for struct ifreq.ifr_mtu
configure:5125: gcc -c -g -O2 -D_REENTRANT  conftest.c >&5
configure:5125: $? = 0
configure:5125: result: yes
configure:5139: checking for getaddrinfo function prototype in netdb.h
configure:5158: result: yes
configure:5168: checking for getnameinfo function prototype in netdb.h
configure:5187: result: yes
configure:5197: checking for gethostname function prototype in unistd.h
configure:5216: result: yes
configure:5226: checking for getrusage function prototype in sys/resource.h
configure:5245: result: yes
configure:5255: checking for hstrerror function prototype in netdb.h
configure:5274: result: yes
configure:5284: checking for if_nametoindex function prototype in net/if.h
configure:5303: result: yes
configure:5313: checking for inet_aton function prototype in arpa/inet.h
configure:5332: result: yes
configure:5342: checking for inet_pton function prototype in arpa/inet.h
configure:5361: result: yes
configure:5371: checking for pselect function prototype in sys/select.h
configure:5390: result: yes
configure:5400: checking for snprintf function prototype in stdio.h
configure:5419: result: yes
configure:5429: checking for sockatmark function prototype in sys/socket.h
configure:5448: result: yes
configure:5470: checking for struct addrinfo
configure:5470: gcc -c -g -O2 -D_REENTRANT  conftest.c >&5
configure:5470: $? = 0
configure:5470: gcc -c -g -O2 -D_REENTRANT  conftest.c >&5
conftest.c: In function 'main':
conftest.c:59:30: error: expected expression before ')' token
 if (sizeof ((struct addrinfo)))
                              ^
configure:5470: $? = 1
configure: failed program was:
| /* confdefs.h */
| #define PACKAGE_NAME ""
| #define PACKAGE_TARNAME ""
| #define PACKAGE_VERSION ""
| #define PACKAGE_STRING ""
| #define PACKAGE_BUGREPORT ""
| #define PACKAGE_URL ""
| #define CPU_VENDOR_OS "x86_64-unknown-linux-gnu"
| #define HAVE_LIBPTHREAD 1
| #define STDC_HEADERS 1
| #define HAVE_SYS_TYPES_H 1
| #define HAVE_SYS_SOCKET_H 1
| #define HAVE_SYS_TIME_H 1
| #define HAVE_TIME_H 1
| #define HAVE_NETINET_IN_H 1
| #define HAVE_ARPA_INET_H 1
| #define HAVE_ERRNO_H 1
| #define HAVE_FCNTL_H 1
| #define HAVE_NETDB_H 1
| #define HAVE_SIGNAL_H 1
| #define HAVE_STDIO_H 1
| #define HAVE_STDLIB_H 1
| #define HAVE_STRING_H 1
| #define HAVE_SYS_STAT_H 1
| #define HAVE_SYS_UIO_H 1
| #define HAVE_UNISTD_H 1
| #define HAVE_SYS_WAIT_H 1
| #define HAVE_SYS_UN_H 1
| #define HAVE_SYS_PARAM_H 1
| #define HAVE_SYS_SELECT_H 1
| #define HAVE_SYS_SYSCTL_H 1
| #define HAVE_POLL_H 1
| #define HAVE_STRINGS_H 1
| #define HAVE_SYS_IOCTL_H 1
| #define HAVE_PTHREAD_H 1
| #define HAVE_STROPTS_H 1
| #define TIME_WITH_SYS_TIME 1
| #define HAVE_STRUCT_SOCKADDR_STORAGE 1
| #define HAVE_MSGHDR_MSG_CONTROL 1
| #define HAVE_STRUCT_IFREQ_IFR_MTU 1
| #define HAVE_GETADDRINFO_PROTO 1
| #define HAVE_GETNAMEINFO_PROTO 1
| #define HAVE_GETHOSTNAME_PROTO 1
| #define HAVE_GETRUSAGE_PROTO 1
| #define HAVE_HSTRERROR_PROTO 1
| #define HAVE_IF_NAMETOINDEX_PROTO 1
| #define HAVE_INET_ATON_PROTO 1
| #define HAVE_INET_PTON_PROTO 1
| #define HAVE_PSELECT_PROTO 1
| #define HAVE_SNPRINTF_PROTO 1
| #define HAVE_SOCKATMARK_PROTO 1
| /* end confdefs.h.  */
| 
| #include <netdb.h>
| 
| int
| main ()
| {
| if (sizeof ((struct addrinfo)))
| 	    return 0;
|   ;
|   return 0;
| }
configure:5470: result: yes
configure:5480: checking for struct if_nameindex
configure:5480: gcc -c -g -O2 -D_REENTRANT  conftest.c >&5
configure:5480: $? = 0
configure:5480: gcc -c -g -O2 -D_REENTRANT  conftest.c >&5
conftest.c: In function 'main':
conftest.c:62:34: error: expected expression before ')' token
 if (sizeof ((struct if_nameindex)))
                                  ^
configure:5480: $? = 1
configure: failed program was:
| /* confdefs.h */
| #define PACKAGE_NAME ""
| #define PACKAGE_TARNAME ""
| #define PACKAGE_VERSION ""
| #define PACKAGE_STRING ""
| #define PACKAGE_BUGREPORT ""
| #define PACKAGE_URL ""
| #define CPU_VENDOR_OS "x86_64-unknown-linux-gnu"
| #define HAVE_LIBPTHREAD 1
| #define STDC_HEADERS 1
| #define HAVE_SYS_TYPES_H 1
| #define HAVE_SYS_SOCKET_H 1
| #define HAVE_SYS_TIME_H 1
| #define HAVE_TIME_H 1
| #define HAVE_NETINET_IN_H 1
| #define HAVE_ARPA_INET_H 1
| #define HAVE_ERRNO_H 1
| #define HAVE_FCNTL_H 1
| #define HAVE_NETDB_H 1
| #define HAVE_SIGNAL_H 1
| #define HAVE_STDIO_H 1
| #define HAVE_STDLIB_H 1
| #define HAVE_STRING_H 1
| #define HAVE_SYS_STAT_H 1
| #define HAVE_SYS_UIO_H 1
| #define HAVE_UNISTD_H 1
| #define HAVE_SYS_WAIT_H 1
| #define HAVE_SYS_UN_H 1
| #define HAVE_SYS_PARAM_H 1
| #define HAVE_SYS_SELECT_H 1
| #define HAVE_SYS_SYSCTL_H 1
| #define HAVE_POLL_H 1
| #define HAVE_STRINGS_H 1
| #define HAVE_SYS_IOCTL_H 1
| #define HAVE_PTHREAD_H 1
| #define HAVE_STROPTS_H 1
| #define TIME_WITH_SYS_TIME 1
| #define HAVE_STRUCT_SOCKADDR_STORAGE 1
| #define HAVE_MSGHDR_MSG_CONTROL 1
| #define HAVE_STRUCT_IFREQ_IFR_MTU 1
| #define HAVE_GETADDRINFO_PROTO 1
| #define HAVE_GETNAMEINFO_PROTO 1
| #define HAVE_GETHOSTNAME_PROTO 1
| #define HAVE_GETRUSAGE_PROTO 1
| #define HAVE_HSTRERROR_PROTO 1
| #define HAVE_IF_NAMETOINDEX_PROTO 1
| #define HAVE_INET_ATON_PROTO 1
| #define HAVE_INET_PTON_PROTO 1
| #define HAVE_PSELECT_PROTO 1
| #define HAVE_SNPRINTF_PROTO 1
| #define HAVE_SOCKATMARK_PROTO 1
| #define HAVE_ADDRINFO_STRUCT 1
| /* end confdefs.h.  */
| 
| #include <sys/types.h>
| #include <sys/socket.h>
| #include <net/if.h>
| 
| int
| main ()
| {
| if (sizeof ((struct if_nameindex)))
| 	    return 0;
|   ;
|   return 0;
| }
configure:5480: result: yes
configure:5492: checking for struct sockaddr_dl
configure:5492: gcc -c -g -O2 -D_REENTRANT  conftest.c >&5
conftest.c:58:23: fatal error: net/if_dl.h: No such file or directory
 #include <net/if_dl.h>
                       ^
compilation terminated.
configure:5492: $? = 1
configure: failed program was:
| /* confdefs.h */
| #define PACKAGE_NAME ""
| #define PACKAGE_TARNAME ""
| #define PACKAGE_VERSION ""
| #define PACKAGE_STRING ""
| #define PACKAGE_BUGREPORT ""
| #define PACKAGE_URL ""
| #define CPU_VENDOR_OS "x86_64-unknown-linux-gnu"
| #define HAVE_LIBPTHREAD 1
| #define STDC_HEADERS 1
| #define HAVE_SYS_TYPES_H 1
| #define HAVE_SYS_SOCKET_H 1
| #define HAVE_SYS_TIME_H 1
| #define HAVE_TIME_H 1
| #define HAVE_NETINET_IN_H 1
| #define HAVE_ARPA_INET_H 1
| #define HAVE_ERRNO_H 1
| #define HAVE_FCNTL_H 1
| #define HAVE_NETDB_H 1
| #define HAVE_SIGNAL_H 1
| #define HAVE_STDIO_H 1
| #define HAVE_STDLIB_H 1
| #define HAVE_STRING_H 1
| #define HAVE_SYS_STAT_H 1
| #define HAVE_SYS_UIO_H 1
| #define HAVE_UNISTD_H 1
| #define HAVE_SYS_WAIT_H 1
| #define HAVE_SYS_UN_H 1
| #define HAVE_SYS_PARAM_H 1
| #define HAVE_SYS_SELECT_H 1
| #define HAVE_SYS_SYSCTL_H 1
| #define HAVE_POLL_H 1
| #define HAVE_STRINGS_H 1
| #define HAVE_SYS_IOCTL_H 1
| #define HAVE_PTHREAD_H 1
| #define HAVE_STROPTS_H 1
| #define TIME_WITH_SYS_TIME 1
| #define HAVE_STRUCT_SOCKADDR_STORAGE 1
| #define HAVE_MSGHDR_MSG_CONTROL 1
| #define HAVE_STRUCT_IFREQ_IFR_MTU 1
| #define HAVE_GETADDRINFO_PROTO 1
| #define HAVE_GETNAMEINFO_PROTO 1
| #define HAVE_GETHOSTNAME_PROTO 1
| #define HAVE_GETRUSAGE_PROTO 1
| #define HAVE_HSTRERROR_PROTO 1
| #define HAVE_IF_NAMETOINDEX_PROTO 1
| #define HAVE_INET_ATON_PROTO 1
| #define HAVE_INET_PTON_PROTO 1
| #define HAVE_PSELECT_PROTO 1
| #define HAVE_SNPRINTF_PROTO 1
| #define HAVE_SOCKATMARK_PROTO 1
| #define HAVE_ADDRINFO_STRUCT 1
| #define HAVE_IF_NAMEINDEX_STRUCT 1
| /* end confdefs.h.  */
| 
| #include <sys/types.h>
| #include <sys/socket.h>
| #include <net/if_dl.h>
| 
| int
| main ()
| {
| if (sizeof (struct sockaddr_dl))
| 	 return 0;
|   ;
|   return 0;
| }
configure:5492: result: no
configure:5504: checking for struct timespec
configure:5504: gcc -c -g -O2 -D_REENTRANT  conftest.c >&5
configure:5504: $? = 0
configure:5504: gcc -c -g -O2 -D_REENTRANT  conftest.c >&5
conftest.c: In function 'main':
conftest.c:71:30: error: expected expression before ')' token
 if (sizeof ((struct timespec)))
                              ^
configure:5504: $? = 1
configure: failed program was:
| /* confdefs.h */
| #define PACKAGE_NAME ""
| #define PACKAGE_TARNAME ""
| #define PACKAGE_VERSION ""
| #define PACKAGE_STRING ""
| #define PACKAGE_BUGREPORT ""
| #define PACKAGE_URL ""
| #define CPU_VENDOR_OS "x86_64-unknown-linux-gnu"
| #define HAVE_LIBPTHREAD 1
| #define STDC_HEADERS 1
| #define HAVE_SYS_TYPES_H 1
| #define HAVE_SYS_SOCKET_H 1
| #define HAVE_SYS_TIME_H 1
| #define HAVE_TIME_H 1
| #define HAVE_NETINET_IN_H 1
| #define HAVE_ARPA_INET_H 1
| #define HAVE_ERRNO_H 1
| #define HAVE_FCNTL_H 1
| #define HAVE_NETDB_H 1
| #define HAVE_SIGNAL_H 1
| #define HAVE_STDIO_H 1
| #define HAVE_STDLIB_H 1
| #define HAVE_STRING_H 1
| #define HAVE_SYS_STAT_H 1
| #define HAVE_SYS_UIO_H 1
| #define HAVE_UNISTD_H 1
| #define HAVE_SYS_WAIT_H 1
| #define HAVE_SYS_UN_H 1
| #define HAVE_SYS_PARAM_H 1
| #define HAVE_SYS_SELECT_H 1
| #define HAVE_SYS_SYSCTL_H 1
| #define HAVE_POLL_H 1
| #define HAVE_STRINGS_H 1
| #define HAVE_SYS_IOCTL_H 1
| #define HAVE_PTHREAD_H 1
| #define HAVE_STROPTS_H 1
| #define TIME_WITH_SYS_TIME 1
| #define HAVE_STRUCT_SOCKADDR_STORAGE 1
| #define HAVE_MSGHDR_MSG_CONTROL 1
| #define HAVE_STRUCT_IFREQ_IFR_MTU 1
| #define HAVE_GETADDRINFO_PROTO 1
| #define HAVE_GETNAMEINFO_PROTO 1
| #define HAVE_GETHOSTNAME_PROTO 1
| #define HAVE_GETRUSAGE_PROTO 1
| #define HAVE_HSTRERROR_PROTO 1
| #define HAVE_IF_NAMETOINDEX_PROTO 1
| #define HAVE_INET_ATON_PROTO 1
| #define HAVE_INET_PTON_PROTO 1
| #define HAVE_PSELECT_PROTO 1
| #define HAVE_SNPRINTF_PROTO 1
| #define HAVE_SOCKATMARK_PROTO 1
| #define HAVE_ADDRINFO_STRUCT 1
| #define HAVE_IF_NAMEINDEX_STRUCT 1
| /* end confdefs.h.  */
| 
| #if TIME_WITH_SYS_TIME
| #include <sys/time.h>
| #include <time.h>
| #else
| #if HAVE_SYS_TIME_H
| #include <sys/time.h>
| #else
| #include <time.h>
| #endif
| #endif
| 
| 
| int
| main ()
| {
| if (sizeof ((struct timespec)))
| 	    return 0;
|   ;
|   return 0;
| }
configure:5504: result: yes
configure:5524: checking for /dev/tcp
configure:5533: result: no
configure:5536: checking for /dev/xti/tcp
configure:5545: result: no
configure:5548: checking for /dev/streams/xtiso/tcp
configure:5557: result: no
configure:5565: checking for bzero
configure:5565: gcc -o conftest -g -O2 -D_REENTRANT   conftest.c -lpthread  >&5
conftest.c:79:6: warning: conflicting types for built-in function 'bzero' [enabled by default]
 char bzero ();
      ^
configure:5565: $? = 0
configure:5565: result: yes
configure:5576: checking for getaddrinfo
configure:5576: gcc -o conftest -g -O2 -D_REENTRANT   conftest.c -lpthread  >&5
configure:5576: $? = 0
configure:5576: result: yes
configure:5587: checking for gethostname
configure:5587: gcc -o conftest -g -O2 -D_REENTRANT   conftest.c -lpthread  >&5
configure:5587: $? = 0
configure:5587: result: yes
configure:5598: checking for gethostbyname2
configure:5598: gcc -o conftest -g -O2 -D_REENTRANT   conftest.c -lpthread  >&5
configure:5598: $? = 0
configure:5598: result: yes
configure:5609: checking for gethostbyname_r
configure:5609: gcc -o conftest -g -O2 -D_REENTRANT   conftest.c -lpthread  >&5
configure:5609: $? = 0
configure:5609: result: yes
configure:5620: checking for getnameinfo
configure:5620: gcc -o conftest -g -O2 -D_REENTRANT   conftest.c -lpthread  >&5
configure:5620: $? = 0
configure:5620: result: yes
configure:5631: checking for hstrerror
configure:5631: gcc -o conftest -g -O2 -D_REENTRANT   conftest.c -lpthread  >&5
configure:5631: $? = 0
configure:5631: result: yes
configure:5642: checking for if_nametoindex
configure:5642: gcc -o conftest -g -O2 -D_REENTRANT   conftest.c -lpthread  >&5
configure:5642: $? = 0
configure:5642: result: yes
configure:5653: checking for inet_aton
configure:5653: gcc -o conftest -g -O2 -D_REENTRANT   conftest.c -lpthread  >&5
configure:5653: $? = 0
configure:5653: result: yes
configure:5664: checking for inet_pton
configure:5664: gcc -o conftest -g -O2 -D_REENTRANT   conftest.c -lpthread  >&5
configure:5664: $? = 0
configure:5664: result: yes
configure:5675: checking for inet6_rth_init
configure:5675: gcc -o conftest -g -O2 -D_REENTRANT   conftest.c -lpthread  >&5
configure:5675: $? = 0
configure:5675: result: yes
configure:5687: checking for kqueue
configure:5687: gcc -o conftest -g -O2 -D_REENTRANT   conftest.c -lpthread  >&5
/tmp/ccjRQZvP.o: In function `main':
/home/max/gitProject/UNPLearning/unpv13e/conftest.c:101: undefined reference to `kqueue'
collect2: error: ld returned 1 exit status
configure:5687: $? = 1
configure: failed program was:
| /* confdefs.h */
| #define PACKAGE_NAME ""
| #define PACKAGE_TARNAME ""
| #define PACKAGE_VERSION ""
| #define PACKAGE_STRING ""
| #define PACKAGE_BUGREPORT ""
| #define PACKAGE_URL ""
| #define CPU_VENDOR_OS "x86_64-unknown-linux-gnu"
| #define HAVE_LIBPTHREAD 1
| #define STDC_HEADERS 1
| #define HAVE_SYS_TYPES_H 1
| #define HAVE_SYS_SOCKET_H 1
| #define HAVE_SYS_TIME_H 1
| #define HAVE_TIME_H 1
| #define HAVE_NETINET_IN_H 1
| #define HAVE_ARPA_INET_H 1
| #define HAVE_ERRNO_H 1
| #define HAVE_FCNTL_H 1
| #define HAVE_NETDB_H 1
| #define HAVE_SIGNAL_H 1
| #define HAVE_STDIO_H 1
| #define HAVE_STDLIB_H 1
| #define HAVE_STRING_H 1
| #define HAVE_SYS_STAT_H 1
| #define HAVE_SYS_UIO_H 1
| #define HAVE_UNISTD_H 1
| #define HAVE_SYS_WAIT_H 1
| #define HAVE_SYS_UN_H 1
| #define HAVE_SYS_PARAM_H 1
| #define HAVE_SYS_SELECT_H 1
| #define HAVE_SYS_SYSCTL_H 1
| #define HAVE_POLL_H 1
| #define HAVE_STRINGS_H 1
| #define HAVE_SYS_IOCTL_H 1
| #define HAVE_PTHREAD_H 1
| #define HAVE_STROPTS_H 1
| #define TIME_WITH_SYS_TIME 1
| #define HAVE_STRUCT_SOCKADDR_STORAGE 1
| #define HAVE_MSGHDR_MSG_CONTROL 1
| #define HAVE_STRUCT_IFREQ_IFR_MTU 1
| #define HAVE_GETADDRINFO_PROTO 1
| #define HAVE_GETNAMEINFO_PROTO 1
| #define HAVE_GETHOSTNAME_PROTO 1
| #define HAVE_GETRUSAGE_PROTO 1
| #define HAVE_HSTRERROR_PROTO 1
| #define HAVE_IF_NAMETOINDEX_PROTO 1
| #define HAVE_INET_ATON_PROTO 1
| #define HAVE_INET_PTON_PROTO 1
| #define HAVE_PSELECT_PROTO 1
| #define HAVE_SNPRINTF_PROTO 1
| #define HAVE_SOCKATMARK_PROTO 1
| #define HAVE_ADDRINFO_STRUCT 1
| #define HAVE_IF_NAMEINDEX_STRUCT 1
| #define HAVE_TIMESPEC_STRUCT 1
| #define HAVE_BZERO 1
| #define HAVE_GETADDRINFO 1
| #define HAVE_GETHOSTNAME 1
| #define HAVE_GETHOSTBYNAME2 1
| #define HAVE_GETHOSTBYNAME_R 1
| #define HAVE_GETNAMEINFO 1
| #define HAVE_HSTRERROR 1
| #define HAVE_IF_NAMETOINDEX 1
| #define HAVE_INET_ATON 1
| #define HAVE_INET_PTON 1
| #define HAVE_INET6_RTH_INIT 1
| /* end confdefs.h.  */
| /* Define kqueue to an innocuous variant, in case <limits.h> declares kqueue.
|    For example, HP-UX 11i <limits.h> declares gettimeofday.  */
| #define kqueue innocuous_kqueue
| 
| /* System header to define __stub macros and hopefully few prototypes,
|     which can conflict with char kqueue (); below.
|     Prefer <limits.h> to <assert.h> if __STDC__ is defined, since
|     <limits.h> exists even on freestanding compilers.  */
| 
| #ifdef __STDC__
| # include <limits.h>
| #else
| # include <assert.h>
| #endif
| 
| #undef kqueue
| 
| /* Override any GCC internal prototype to avoid an error.
|    Use char because int might match the return type of a GCC
|    builtin and then its argument prototype would still apply.  */
| #ifdef __cplusplus
| extern "C"
| #endif
| char kqueue ();
| /* The GNU C library defines this for functions which it implements
|     to always fail with ENOSYS.  Some functions are actually named
|     something starting with __ and the normal name is an alias.  */
| #if defined __stub_kqueue || defined __stub___kqueue
| choke me
| #endif
| 
| int
| main ()
| {
| return kqueue ();
|   ;
|   return 0;
| }
configure:5687: result: no
configure:5687: checking for kevent
configure:5687: gcc -o conftest -g -O2 -D_REENTRANT   conftest.c -lpthread  >&5
/tmp/ccOspFVI.o: In function `main':
/home/max/gitProject/UNPLearning/unpv13e/conftest.c:101: undefined reference to `kevent'
collect2: error: ld returned 1 exit status
configure:5687: $? = 1
configure: failed program was:
| /* confdefs.h */
| #define PACKAGE_NAME ""
| #define PACKAGE_TARNAME ""
| #define PACKAGE_VERSION ""
| #define PACKAGE_STRING ""
| #define PACKAGE_BUGREPORT ""
| #define PACKAGE_URL ""
| #define CPU_VENDOR_OS "x86_64-unknown-linux-gnu"
| #define HAVE_LIBPTHREAD 1
| #define STDC_HEADERS 1
| #define HAVE_SYS_TYPES_H 1
| #define HAVE_SYS_SOCKET_H 1
| #define HAVE_SYS_TIME_H 1
| #define HAVE_TIME_H 1
| #define HAVE_NETINET_IN_H 1
| #define HAVE_ARPA_INET_H 1
| #define HAVE_ERRNO_H 1
| #define HAVE_FCNTL_H 1
| #define HAVE_NETDB_H 1
| #define HAVE_SIGNAL_H 1
| #define HAVE_STDIO_H 1
| #define HAVE_STDLIB_H 1
| #define HAVE_STRING_H 1
| #define HAVE_SYS_STAT_H 1
| #define HAVE_SYS_UIO_H 1
| #define HAVE_UNISTD_H 1
| #define HAVE_SYS_WAIT_H 1
| #define HAVE_SYS_UN_H 1
| #define HAVE_SYS_PARAM_H 1
| #define HAVE_SYS_SELECT_H 1
| #define HAVE_SYS_SYSCTL_H 1
| #define HAVE_POLL_H 1
| #define HAVE_STRINGS_H 1
| #define HAVE_SYS_IOCTL_H 1
| #define HAVE_PTHREAD_H 1
| #define HAVE_STROPTS_H 1
| #define TIME_WITH_SYS_TIME 1
| #define HAVE_STRUCT_SOCKADDR_STORAGE 1
| #define HAVE_MSGHDR_MSG_CONTROL 1
| #define HAVE_STRUCT_IFREQ_IFR_MTU 1
| #define HAVE_GETADDRINFO_PROTO 1
| #define HAVE_GETNAMEINFO_PROTO 1
| #define HAVE_GETHOSTNAME_PROTO 1
| #define HAVE_GETRUSAGE_PROTO 1
| #define HAVE_HSTRERROR_PROTO 1
| #define HAVE_IF_NAMETOINDEX_PROTO 1
| #define HAVE_INET_ATON_PROTO 1
| #define HAVE_INET_PTON_PROTO 1
| #define HAVE_PSELECT_PROTO 1
| #define HAVE_SNPRINTF_PROTO 1
| #define HAVE_SOCKATMARK_PROTO 1
| #define HAVE_ADDRINFO_STRUCT 1
| #define HAVE_IF_NAMEINDEX_STRUCT 1
| #define HAVE_TIMESPEC_STRUCT 1
| #define HAVE_BZERO 1
| #define HAVE_GETADDRINFO 1
| #define HAVE_GETHOSTNAME 1
| #define HAVE_GETHOSTBYNAME2 1
| #define HAVE_GETHOSTBYNAME_R 1
| #define HAVE_GETNAMEINFO 1
| #define HAVE_HSTRERROR 1
| #define HAVE_IF_NAMETOINDEX 1
| #define HAVE_INET_ATON 1
| #define HAVE_INET_PTON 1
| #define HAVE_INET6_RTH_INIT 1
| /* end confdefs.h.  */
| /* Define kevent to an innocuous variant, in case <limits.h> declares kevent.
|    For example, HP-UX 11i <limits.h> declares gettimeofday.  */
| #define kevent innocuous_kevent
| 
| /* System header to define __stub macros and hopefully few prototypes,
|     which can conflict with char kevent (); below.
|     Prefer <limits.h> to <assert.h> if __STDC__ is defined, since
|     <limits.h> exists even on freestanding compilers.  */
| 
| #ifdef __STDC__
| # include <limits.h>
| #else
| # include <assert.h>
| #endif
| 
| #undef kevent
| 
| /* Override any GCC internal prototype to avoid an error.
|    Use char because int might match the return type of a GCC
|    builtin and then its argument prototype would still apply.  */
| #ifdef __cplusplus
| extern "C"
| #endif
| char kevent ();
| /* The GNU C library defines this for functions which it implements
|     to always fail with ENOSYS.  Some functions are actually named
|     something starting with __ and the normal name is an alias.  */
| #if defined __stub_kevent || defined __stub___kevent
| choke me
| #endif
| 
| int
| main ()
| {
| return kevent ();
|   ;
|   return 0;
| }
configure:5687: result: no
configure:5698: checking for mkstemp
configure:5698: gcc -o conftest -g -O2 -D_REENTRANT   conftest.c -lpthread  >&5
configure:5698: $? = 0
configure:5698: result: yes
configure:5709: checking for poll
configure:5709: gcc -o conftest -g -O2 -D_REENTRANT   conftest.c -lpthread  >&5
configure:5709: $? = 0
configure:5709: result: yes
configure:5720: checking for pselect
configure:5720: gcc -o conftest -g -O2 -D_REENTRANT   conftest.c -lpthread  >&5
configure:5720: $? = 0
configure:5720: result: yes
configure:5731: checking for snprintf
configure:5731: gcc -o conftest -g -O2 -D_REENTRANT   conftest.c -lpthread  >&5
conftest.c:93:6: warning: conflicting types for built-in function 'snprintf' [enabled by default]
 char snprintf ();
      ^
configure:5731: $? = 0
configure:5731: result: yes
configure:5742: checking for sockatmark
configure:5742: gcc -o conftest -g -O2 -D_REENTRANT   conftest.c -lpthread  >&5
configure:5742: $? = 0
configure:5742: result: yes
configure:5753: checking for vsnprintf
configure:5753: gcc -o conftest -g -O2 -D_REENTRANT   conftest.c -lpthread  >&5
conftest.c:95:6: warning: conflicting types for built-in function 'vsnprintf' [enabled by default]
 char vsnprintf ();
      ^
configure:5753: $? = 0
configure:5753: result: yes
configure:5764: checking for IPv4 support
configure:5789: gcc -o conftest -g -O2 -D_REENTRANT   conftest.c -lpthread  >&5
conftest.c: In function 'main':
conftest.c:85:3: warning: incompatible implicit declaration of built-in function 'exit' [enabled by default]
   exit(fd >= 0 ? 0 : 1);
   ^
configure:5789: $? = 0
configure:5789: ./conftest
configure:5789: $? = 0
configure:5800: result: yes
configure:5811: checking for IPv6 support
configure:5836: gcc -o conftest -g -O2 -D_REENTRANT   conftest.c -lpthread  >&5
conftest.c: In function 'main':
conftest.c:87:3: warning: incompatible implicit declaration of built-in function 'exit' [enabled by default]
   exit(fd >= 0 ? 0 : 1);
   ^
configure:5836: $? = 0
configure:5836: ./conftest
configure:5836: $? = 0
configure:5847: result: yes
configure:5858: checking for Unix domain sockets
configure:5883: gcc -o conftest -g -O2 -D_REENTRANT   conftest.c -lpthread  >&5
conftest.c: In function 'main':
conftest.c:89:3: warning: incompatible implicit declaration of built-in function 'exit' [enabled by default]
   exit(fd >= 0 ? 0 : 1);
   ^
configure:5883: $? = 0
configure:5883: ./conftest
configure:5883: $? = 0
configure:5894: result: yes
configure:5905: checking for multicast support
configure:5933: gcc -o conftest -g -O2 -D_REENTRANT   conftest.c -lpthread  >&5
conftest.c: In function 'main':
conftest.c:90:15: warning: incompatible implicit declaration of built-in function 'exit' [enabled by default]
   if (fd < 0) exit(1);
               ^
configure:5933: $? = 0
configure:5933: ./conftest
configure:5933: $? = 0
configure:5944: result: yes
configure:6078: checking for -I/home/max/doc/unp2ev1/src/include
configure:6085: result: no
configure:6219: creating ./config.status

## ---------------------- ##
## Running config.status. ##
## ---------------------- ##

This file was extended by config.status, which was
generated by GNU Autoconf 2.69.  Invocation command line was

  CONFIG_FILES    = 
  CONFIG_HEADERS  = 
  CONFIG_LINKS    = 
  CONFIG_COMMANDS = 
  $ ./config.status 

on MaxPC

config.status:882: creating Makefile
config.status:882: creating Make.defines
config.status:882: creating config.h
config.status:1052: config.h is unchanged

## ---------------- ##
## Cache variables. ##
## ---------------- ##

ac_cv_build=x86_64-unknown-linux-gnu
ac_cv_c_compiler_gnu=yes
ac_cv_env_CC_set=
ac_cv_env_CC_value=
ac_cv_env_CFLAGS_set=
ac_cv_env_CFLAGS_value=
ac_cv_env_CPPFLAGS_set=
ac_cv_env_CPPFLAGS_value=
ac_cv_env_CPP_set=
ac_cv_env_CPP_value=
ac_cv_env_LDFLAGS_set=
ac_cv_env_LDFLAGS_value=
ac_cv_env_LIBS_set=
ac_cv_env_LIBS_value=
ac_cv_env_build_alias_set=
ac_cv_env_build_alias_value=
ac_cv_env_host_alias_set=
ac_cv_env_host_alias_value=
ac_cv_env_target_alias_set=
ac_cv_env_target_alias_value=
ac_cv_func_bzero=yes
ac_cv_func_getaddrinfo=yes
ac_cv_func_gethostbyname2=yes
ac_cv_func_gethostbyname_r=yes
ac_cv_func_gethostname=yes
ac_cv_func_getnameinfo=yes
ac_cv_func_hstrerror=yes
ac_cv_func_if_nametoindex=yes
ac_cv_func_inet6_rth_init=yes
ac_cv_func_inet_aton=yes
ac_cv_func_inet_pton=yes
ac_cv_func_kevent=no
ac_cv_func_kqueue=no
ac_cv_func_mkstemp=yes
ac_cv_func_poll=yes
ac_cv_func_pselect=yes
ac_cv_func_snprintf=yes
ac_cv_func_sockatmark=yes
ac_cv_func_vsnprintf=yes
ac_cv_have_getaddrinfo_proto=yes
ac_cv_have_gethostname_proto=yes
ac_cv_have_getnameinfo_proto=yes
ac_cv_have_getrusage_proto=yes
ac_cv_have_hstrerror_proto=yes
ac_cv_have_if_nametoindex_proto=yes
ac_cv_have_inet_aton_proto=yes
ac_cv_have_inet_pton_proto=yes
ac_cv_have_pselect_proto=yes
ac_cv_have_snprintf_proto=yes
ac_cv_have_sockatmark_proto=yes
ac_cv_header_arpa_inet_h=yes
ac_cv_header_errno_h=yes
ac_cv_header_fcntl_h=yes
ac_cv_header_net_if_dl_h=no
ac_cv_header_netconfig_h=no
ac_cv_header_netdb_h=yes
ac_cv_header_netdir_h=no
ac_cv_header_netinet_in_h=yes
ac_cv_header_poll_h=yes
ac_cv_header_pthread_h=yes
ac_cv_header_signal_h=yes
ac_cv_header_stdc=yes
ac_cv_header_stdio_h=yes
ac_cv_header_stdlib_h=yes
ac_cv_header_string_h=yes
ac_cv_header_strings_h=yes
ac_cv_header_stropts_h=yes
ac_cv_header_sys_event_h=no
ac_cv_header_sys_filio_h=no
ac_cv_header_sys_ioctl_h=yes
ac_cv_header_sys_param_h=yes
ac_cv_header_sys_select_h=yes
ac_cv_header_sys_socket_h=yes
ac_cv_header_sys_sockio_h=no
ac_cv_header_sys_stat_h=yes
ac_cv_header_sys_sysctl_h=yes
ac_cv_header_sys_time_h=yes
ac_cv_header_sys_types_h=yes
ac_cv_header_sys_uio_h=yes
ac_cv_header_sys_un_h=yes
ac_cv_header_sys_wait_h=yes
ac_cv_header_time=yes
ac_cv_header_time_h=yes
ac_cv_header_unistd_h=yes
ac_cv_header_xti_h=no
ac_cv_header_xti_inet_h=no
ac_cv_host=x86_64-unknown-linux-gnu
ac_cv_ipv4=yes
ac_cv_ipv6=yes
ac_cv_lib_nsl_t_open=no
ac_cv_lib_pthread_pthread_create=yes
ac_cv_lib_resolv_res_init=no
ac_cv_lib_xti_t_open=no
ac_cv_member_struct_ifreq_ifr_mtu=yes
ac_cv_member_struct_msghdr_msg_control=yes
ac_cv_member_struct_sockaddr_sa_len=no
ac_cv_member_struct_sockaddr_storage_ss_family=yes
ac_cv_multicast=yes
ac_cv_objext=o
ac_cv_path_EGREP='/bin/grep -E'
ac_cv_path_GREP=/bin/grep
ac_cv_prog_CPP='gcc -E'
ac_cv_prog_ac_ct_CC=gcc
ac_cv_prog_ac_ct_RANLIB=ranlib
ac_cv_prog_cc_c89=
ac_cv_prog_cc_g=yes
ac_cv_search_socket='none required'
ac_cv_type_int16_t=yes
ac_cv_type_int32_t=yes
ac_cv_type_sa_family_t=yes
ac_cv_type_size_t=yes
ac_cv_type_socklen_t=yes
ac_cv_type_ssize_t=yes
ac_cv_type_struct_addrinfo=yes
ac_cv_type_struct_if_nameindex=yes
ac_cv_type_struct_sockaddr_dl=no
ac_cv_type_struct_sockaddr_storage=yes
ac_cv_type_struct_timespec=yes
ac_cv_type_t_scalar_t=yes
ac_cv_type_t_uscalar_t=yes
ac_cv_type_uint16_t=yes
ac_cv_type_uint32_t=yes
ac_cv_type_uint8_t=yes
ac_cv_unixdomain=yes

## ----------------- ##
## Output variables. ##
## ----------------- ##

CC='gcc'
CFLAGS='-g -O2 -D_REENTRANT -Wall'
CPP='gcc -E'
CPPFLAGS=''
DEFS='-DHAVE_CONFIG_H'
ECHO_C=''
ECHO_N='-n'
ECHO_T=''
EGREP='/bin/grep -E'
EXEEXT=''
GREP='/bin/grep'
LDFLAGS=''
LIBFREE_OBJS=' in_cksum.o inet_ntop.o inet_pton.o'
LIBGAI_OBJS=''
LIBOBJS=''
LIBROUTE_OBJS='get_rtaddrs.o if_indextoname.o if_nameindex.o if_nametoindex.o net_rt_iflist.o net_rt_dump.o sock_masktop.o'
LIBS='-lpthread'
LIBS_XTI='-lpthread'
LIBUNP='../libunp.a'
LIBUNPXTI='../libunpxti.a'
LIBUNPXTI_NAME='../libunpxti.a'
LIBUNP_NAME='../libunp.a'
LIBXTI_OBJS=' wrapxti.o xti_accept.o xti_flags_str.o xti_getopt.o xti_ntop.o xti_ntop_host.o xti_rdwr.o xti_setopt.o xti_str_opts.o xti_tlook_str.o'
LIB_OBJS=' connect_nonb.o connect_timeo.o daemon_inetd.o daemon_init.o dg_cli.o dg_echo.o error.o get_ifi_info.o gf_time.o host_serv.o family_to_level.o mcast_leave.o mcast_join.o mcast_get_if.o mcast_get_loop.o mcast_get_ttl.o mcast_set_if.o mcast_set_loop.o mcast_set_ttl.o my_addrs.o read_fd.o readline.o readn.o readable_timeo.o rtt.o signal.o signal_intr.o sock_bind_wild.o sock_cmp_addr.o sock_cmp_port.o sock_ntop.o sock_ntop_host.o sock_get_port.o sock_set_addr.o sock_set_port.o sock_set_wild.o sockfd_to_family.o str_cli.o str_echo.o tcp_connect.o tcp_listen.o tv_sub.o udp_client.o udp_connect.o udp_server.o wraplib.o wrapsock.o wrapstdio.o wrappthread.o wrapunix.o write_fd.o writen.o writable_timeo.o'
LTLIBOBJS=''
OBJEXT='o'
PACKAGE_BUGREPORT=''
PACKAGE_NAME=''
PACKAGE_STRING=''
PACKAGE_TARNAME=''
PACKAGE_URL=''
PACKAGE_VERSION=''
PATH_SEPARATOR=':'
RANLIB='ranlib'
SHELL='/bin/bash'
ac_ct_CC='gcc'
bindir='${exec_prefix}/bin'
build='x86_64-unknown-linux-gnu'
build_alias=''
build_cpu='x86_64'
build_os='linux-gnu'
build_vendor='unknown'
datadir='${datarootdir}'
datarootdir='${prefix}/share'
docdir='${datarootdir}/doc/${PACKAGE}'
dvidir='${docdir}'
exec_prefix='${prefix}'
host='x86_64-unknown-linux-gnu'
host_alias=''
host_cpu='x86_64'
host_os='linux-gnu'
host_vendor='unknown'
htmldir='${docdir}'
includedir='${prefix}/include'
infodir='${datarootdir}/info'
libdir='${exec_prefix}/lib'
libexecdir='${exec_prefix}/libexec'
localedir='${datarootdir}/locale'
localstatedir='${prefix}/var'
mandir='${datarootdir}/man'
oldincludedir='/usr/include'
pdfdir='${docdir}'
prefix='/usr/local'
program_transform_name='s,x,x,'
psdir='${docdir}'
sbindir='${exec_prefix}/sbin'
sharedstatedir='${prefix}/com'
sysconfdir='${prefix}/etc'
target_alias=''

## ----------- ##
## confdefs.h. ##
## ----------- ##

/* confdefs.h */
#define PACKAGE_NAME ""
#define PACKAGE_TARNAME ""
#define PACKAGE_VERSION ""
#define PACKAGE_STRING ""
#define PACKAGE_BUGREPORT ""
#define PACKAGE_URL ""
#define CPU_VENDOR_OS "x86_64-unknown-linux-gnu"
#define HAVE_LIBPTHREAD 1
#define STDC_HEADERS 1
#define HAVE_SYS_TYPES_H 1
#define HAVE_SYS_SOCKET_H 1
#define HAVE_SYS_TIME_H 1
#define HAVE_TIME_H 1
#define HAVE_NETINET_IN_H 1
#define HAVE_ARPA_INET_H 1
#define HAVE_ERRNO_H 1
#define HAVE_FCNTL_H 1
#define HAVE_NETDB_H 1
#define HAVE_SIGNAL_H 1
#define HAVE_STDIO_H 1
#define HAVE_STDLIB_H 1
#define HAVE_STRING_H 1
#define HAVE_SYS_STAT_H 1
#define HAVE_SYS_UIO_H 1
#define HAVE_UNISTD_H 1
#define HAVE_SYS_WAIT_H 1
#define HAVE_SYS_UN_H 1
#define HAVE_SYS_PARAM_H 1
#define HAVE_SYS_SELECT_H 1
#define HAVE_SYS_SYSCTL_H 1
#define HAVE_POLL_H 1
#define HAVE_STRINGS_H 1
#define HAVE_SYS_IOCTL_H 1
#define HAVE_PTHREAD_H 1
#define HAVE_STROPTS_H 1
#define TIME_WITH_SYS_TIME 1
#define HAVE_STRUCT_SOCKADDR_STORAGE 1
#define HAVE_MSGHDR_MSG_CONTROL 1
#define HAVE_STRUCT_IFREQ_IFR_MTU 1
#define HAVE_GETADDRINFO_PROTO 1
#define HAVE_GETNAMEINFO_PROTO 1
#define HAVE_GETHOSTNAME_PROTO 1
#define HAVE_GETRUSAGE_PROTO 1
#define HAVE_HSTRERROR_PROTO 1
#define HAVE_IF_NAMETOINDEX_PROTO 1
#define HAVE_INET_ATON_PROTO 1
#define HAVE_INET_PTON_PROTO 1
#define HAVE_PSELECT_PROTO 1
#define HAVE_SNPRINTF_PROTO 1
#define HAVE_SOCKATMARK_PROTO 1
#define HAVE_ADDRINFO_STRUCT 1
#define HAVE_IF_NAMEINDEX_STRUCT 1
#define HAVE_TIMESPEC_STRUCT 1
#define HAVE_BZERO 1
#define HAVE_GETADDRINFO 1
#define HAVE_GETHOSTNAME 1
#define HAVE_GETHOSTBYNAME2 1
#define HAVE_GETHOSTBYNAME_R 1
#define HAVE_GETNAMEINFO 1
#define HAVE_HSTRERROR 1
#define HAVE_IF_NAMETOINDEX 1
#define HAVE_INET_ATON 1
#define HAVE_INET_PTON 1
#define HAVE_INET6_RTH_INIT 1
#define HAVE_MKSTEMP 1
#define HAVE_POLL 1
#define HAVE_PSELECT 1
#define HAVE_SNPRINTF 1
#define HAVE_SOCKATMARK 1
#define HAVE_VSNPRINTF 1
#define IPV4 1
#define IPv4 1
#define IPV6 1
#define IPv6 1
#define UNIXDOMAIN 1
#define UNIXdomain 1
#define MCAST 1

configure: exit 0
